16:10:55.413 [main                     ] DEBUG Logger               - Configured Logger
16:10:55.430 [main                     ] DEBUG GameApplication      - Logging settings
Title: Untitled
Version: 0.0
Width: 800
Height: 600
Fullscreen: false
Intro: false
Profiling: false
Single step:false
App Mode: DEVELOPER
Menu Key: ESCAPE
Stage Style: DECORATED
Scene Factory: class com.almasb.fxgl.app.scene.SceneFactory

16:10:55.492 [JavaFX Application Thread] DEBUG FXGLApplication      - Initializing FXGL
16:10:55.495 [JavaFX Application Thread] INFO  Engine               - FXGL-17.2 (20.08.2022 16.50) on WINDOWS (J:21.0.1 FX:21-ea)
16:10:55.496 [JavaFX Application Thread] DEBUG Engine               - JRE Vendor Name: Eclipse Adoptium
16:10:55.496 [JavaFX Application Thread] DEBUG Engine               - Running on OS: Windows 11 version 10.0
16:10:55.496 [JavaFX Application Thread] DEBUG Engine               - Architecture: amd64
16:10:55.496 [JavaFX Application Thread] INFO  Engine               - Source code and latest versions at: https://github.com/AlmasB/FXGL
16:10:55.496 [JavaFX Application Thread] INFO  Engine               -       Ask questions and discuss at: https://github.com/AlmasB/FXGL/discussions
16:10:55.496 [JavaFX Application Thread] INFO  Engine               -              Join the FXGL chat at: https://gitter.im/AlmasB/FXGL
16:10:55.532 [JavaFX Application Thread] DEBUG PrimaryStageWindow   - Creating a JavaFX scene
16:10:55.571 [JavaFX Application Thread] DEBUG PrimaryStageWindow   - Target settings size: 800.0 x 600.0
16:10:55.572 [JavaFX Application Thread] DEBUG PrimaryStageWindow   - Scaled scene size:    800.0 x 600.0
16:10:55.572 [JavaFX Application Thread] DEBUG PrimaryStageWindow   - Scaled ratio: (1.0, 1.0)
16:10:55.573 [JavaFX Application Thread] DEBUG PrimaryStageWindow   - Set initial scene to FXGLStartupScene
16:10:55.575 [JavaFX Application Thread] DEBUG PrimaryStageWindow   - Opening main window
16:10:55.660 [JavaFX Application Thread] DEBUG PrimaryStageWindow   - Window border size: (14.4000244140625, 37.5999755859375)
16:10:55.660 [JavaFX Application Thread] DEBUG PrimaryStageWindow   - Scaled size: 800.0 x 600.0
16:10:55.660 [JavaFX Application Thread] DEBUG PrimaryStageWindow   - Scaled ratio: (1.0, 1.0)
16:10:55.660 [JavaFX Application Thread] DEBUG PrimaryStageWindow   - Scene size: 800.0 x 600.0
16:10:55.660 [JavaFX Application Thread] DEBUG PrimaryStageWindow   - Stage size: 814.4000244140625 x 637.5999755859375
16:10:55.667 [FXGL Background Thread 1 ] DEBUG Engine               - Initializing environment variables
16:10:55.716 [FXGL Background Thread 1 ] DEBUG FXGLAssetLoaderServi - User app class for loading assets: class com.example.fp.GameApp
16:10:55.716 [FXGL Background Thread 1 ] DEBUG GameApplicationServi - Applying CSS: fxgl_dark.css
16:10:55.717 [FXGL Background Thread 1 ] DEBUG FXGLAssetLoaderServi - Loading from file system: jar:file:///C:/Users/USer/.m2/repository/com/github/almasb/fxgl/17.2/fxgl-17.2.jar!/fxglassets/ui/css/fxgl_dark.css
16:10:55.756 [FXGL Background Thread 1 ] DEBUG GameApplicationServi - Initializing application scenes
16:10:55.812 [FXGL Background Thread 1 ] DEBUG GameWorld            - Game world initialized
16:10:55.870 [FXGL Background Thread 1 ] DEBUG PhysicsWorld         - Physics world initialized: appHeight=600, physics.ppm=50.0
16:10:55.871 [FXGL Background Thread 1 ] DEBUG PhysicsWorld         - Using strategy: BRUTE_FORCE
16:10:55.875 [FXGL Background Thread 1 ] DEBUG GameScene            - Game scene initialized: 800x600
16:10:55.884 [FXGL Background Thread 1 ] DEBUG FXGL.DefaultMenu     - createMenuBodyGameMenu()
16:10:55.893 [FXGL Background Thread 1 ] DEBUG FXGL.DefaultMenu     - createOptionsMenu()
16:10:55.901 [FXGL Background Thread 1 ] DEBUG FXGLAssetLoaderServi - Loading from file system: jar:file:///C:/Users/USer/.m2/repository/com/github/almasb/fxgl/17.2/fxgl-17.2.jar!/fxglassets/textures/particles/smoke.png
16:10:55.993 [FXGL Background Thread 1 ] DEBUG FXGLAssetLoaderServi - Loading from file system: jar:file:///C:/Users/USer/.m2/repository/com/github/almasb/fxgl/17.2/fxgl-17.2.jar!/fxglassets/textures/particles/trace_horizontal.png
16:10:56.021 [FXGL Background Thread 1 ] DEBUG GameApplicationServi - Application scenes initialized
16:10:56.031 [FXGL Background Thread 1 ] DEBUG SystemBundleService  - Loading FXGL system data
16:10:56.035 [FXGL Background Thread 1 ] DEBUG FileSystemAccess     - Reading from: D:\college\I3\Java\Project\final project\FP\system\fxgl.bundle
16:10:56.044 [FXGL Background Thread 1 ] DEBUG SystemBundleService  - Bundle FXGL: {}
16:10:56.044 [FXGL Background Thread 1 ] DEBUG UpdaterService       - Checking for updates
16:10:56.048 [FXGL Background Thread 4 ] DEBUG FXGLApplication      - Loading fonts
16:10:56.048 [FXGL Background Thread 1 ] DEBUG FXGLApplication      - Loading default localization
16:10:56.049 [FXGL Background Thread 4 ] DEBUG FXGLAssetLoaderServi - Loading from file system: jar:file:///C:/Users/USer/.m2/repository/com/github/almasb/fxgl/17.2/fxgl-17.2.jar!/fxglassets/ui/fonts/VarelaRound-Regular.ttf
16:10:56.049 [FXGL Background Thread 1 ] DEBUG FXGLAssetLoaderServi - Loading from file system: jar:file:///C:/Users/USer/.m2/repository/com/github/almasb/fxgl/17.2/fxgl-17.2.jar!/fxglassets/languages/english.lang
16:10:56.082 [FXGL Background Thread 4 ] DEBUG FXGLAssetLoaderServi - Loading from file system: jar:file:///C:/Users/USer/.m2/repository/com/github/almasb/fxgl/17.2/fxgl-17.2.jar!/fxglassets/ui/fonts/Abel-Regular.ttf
16:10:56.085 [FXGL Background Thread 4 ] DEBUG FXGLAssetLoaderServi - Loading from file system: jar:file:///C:/Users/USer/.m2/repository/com/github/almasb/fxgl/17.2/fxgl-17.2.jar!/fxglassets/ui/fonts/TerminalLandMono-Regular.otf
16:10:56.089 [FXGL Background Thread 4 ] DEBUG FXGLAssetLoaderServi - Loading from file system: jar:file:///C:/Users/USer/.m2/repository/com/github/almasb/fxgl/17.2/fxgl-17.2.jar!/fxglassets/ui/fonts/Courier-Prime.ttf
16:10:56.095 [JavaFX Application Thread] DEBUG FXGLApplication      - Registering font factories with UI factory
16:10:56.095 [FXGL Background Thread 1 ] INFO  FXGLApplication      - FXGL initialization took: 0.428 sec
16:10:56.106 [JavaFX Application Thread] DEBUG Input                - Registered new binding: AUTO-0 - A
16:10:56.106 [JavaFX Application Thread] DEBUG Input                - Registered new binding: AUTO-1 - D
16:10:56.107 [JavaFX Application Thread] DEBUG Input                - Registered new binding: action0 - W
16:10:56.107 [JavaFX Application Thread] DEBUG Input                - Registered new binding: action1 - U
16:10:56.107 [JavaFX Application Thread] DEBUG Input                - Registered new binding: AUTO-2 - Left
16:10:56.108 [JavaFX Application Thread] DEBUG Input                - Registered new binding: AUTO-3 - Right
16:10:56.109 [JavaFX Application Thread] DEBUG Input                - Registered new binding: action2 - Up
16:10:56.109 [JavaFX Application Thread] DEBUG FXGLAssetLoaderServi - Loading from file system: jar:file:///C:/Users/USer/.m2/repository/com/github/almasb/fxgl/17.2/fxgl-17.2.jar!/fxglassets/textures/fxgl_icon.png
16:10:56.127 [JavaFX Application Thread] DEBUG FXGLAssetLoaderServi - Loading from file system: jar:file:///C:/Users/USer/.m2/repository/com/github/almasb/fxgl/17.2/fxgl-17.2.jar!/fxglassets/textures/fxgl_default_cursor.png
16:10:56.130 [JavaFX Application Thread] DEBUG Input                - Registered new binding: Screenshot - CTRL+8
16:10:56.130 [JavaFX Application Thread] DEBUG Input                - Registered new binding: System info dump - CTRL+9
16:10:56.132 [JavaFX Application Thread] DEBUG Input                - Registered new binding: Restart - CTRL+R
16:10:56.133 [JavaFX Application Thread] DEBUG Input                - Registered new binding: Toggle Debug Camera - CTRL+7
16:10:56.137 [JavaFX Application Thread] DEBUG LoopRunner           - Starting loop
16:10:56.137 [JavaFX Application Thread] DEBUG LoopRunner           - Initializing JavaFX AnimationTimerLoop
16:10:56.139 [JavaFX Application Thread] DEBUG GameApplicationServi - Starting new game
16:10:56.140 [JavaFX Application Thread] DEBUG Input                - Clearing active input actions
16:10:56.153 [JavaFX Application Thread] DEBUG GameApplicationServi - Removing overlay from FXGLStartupScene and adding to FXGLLoadingScene
16:10:56.154 [JavaFX Application Thread] DEBUG PrimaryStageWindow   - FXGLStartupScene -> FXGLLoadingScene
16:10:56.154 [JavaFX Application Thread] DEBUG GameApplicationServi - Clearing previous game
16:10:56.154 [JavaFX Application Thread] DEBUG GameScene            - Clearing game scene
16:10:56.154 [JavaFX Application Thread] DEBUG GameWorld            - Clearing game world
16:10:56.154 [JavaFX Application Thread] DEBUG PhysicsWorld         - Clearing physics world
16:10:56.156 [FXGL Background Thread 1 ] DEBUG FXGLApplication      - Initializing game
16:10:56.178 [FXGL Background Thread 1 ] DEBUG FXGLAssetLoaderServi - Loading from file system: file:/D:/college/I3/Java/Project/final%20project/FP/target/classes/assets/textures/background/map1.jpg
16:10:56.235 [FXGL Background Thread 1 ] DEBUG FXGLAssetLoaderServi - Loading from file system: file:/D:/college/I3/Java/Project/final%20project/FP/target/classes/assets/textures/char1/idle.gif
16:10:56.249 [FXGL Background Thread 1 ] DEBUG FXGLAssetLoaderServi - Loading from file system: file:/D:/college/I3/Java/Project/final%20project/FP/target/classes/assets/textures/char2/idle.gif
16:10:56.262 [FXGL Background Thread 1 ] INFO  FXGLApplication      - Game initialization took: 0.106 sec
16:10:56.294 [JavaFX Application Thread] DEBUG Input                - Clearing active input actions
16:10:56.302 [JavaFX Application Thread] DEBUG GameApplicationServi - Removing overlay from FXGLLoadingScene and adding to GameScene
16:10:56.302 [JavaFX Application Thread] DEBUG PrimaryStageWindow   - FXGLLoadingScene -> GameScene
16:10:56.926 [FXGL Background Thread 2 ] INFO  UpdaterService       - Your current version:  17.2
16:10:56.926 [FXGL Background Thread 2 ] INFO  UpdaterService       - Latest stable version: 17.3
16:10:57.424 [JavaFX Application Thread] DEBUG FXGLAssetLoaderServi - Loading from file system: file:/D:/college/I3/Java/Project/final%20project/FP/target/classes/assets/textures/char2/left.gif
16:10:58.046 [JavaFX Application Thread] DEBUG FXGLAssetLoaderServi - Loading from file system: file:/D:/college/I3/Java/Project/final%20project/FP/target/classes/assets/textures/char1/right.gif
16:10:58.062 [JavaFX Application Thread] DEBUG FXGLAssetLoaderServi - Loading from file system: file:/D:/college/I3/Java/Project/final%20project/FP/target/classes/assets/textures/char2/right.gif
16:10:58.250 [JavaFX Application Thread] DEBUG FXGLAssetLoaderServi - Loading from file system: file:/D:/college/I3/Java/Project/final%20project/FP/target/classes/assets/textures/char1/left.gif
16:10:59.048 [FXGL Background Thread 3 ] DEBUG Engine               - Logging environment variables
16:10:59.048 [FXGL Background Thread 3 ] DEBUG Engine               - achievements: []
16:10:59.049 [FXGL Background Thread 3 ] DEBUG Engine               - actualHeight: 600.0
16:10:59.049 [FXGL Background Thread 3 ] DEBUG Engine               - actualHeightProperty: ReadOnlyDoubleProperty [value: 600.0]
16:10:59.049 [FXGL Background Thread 3 ] DEBUG Engine               - actualWidth: 800.0
16:10:59.049 [FXGL Background Thread 3 ] DEBUG Engine               - actualWidthProperty: ReadOnlyDoubleProperty [value: 800.0]
16:10:59.049 [FXGL Background Thread 3 ] DEBUG Engine               - appIcon: fxgl_icon.png
16:10:59.049 [FXGL Background Thread 3 ] DEBUG Engine               - applicationMode: DEVELOPER
16:10:59.049 [FXGL Background Thread 3 ] DEBUG Engine               - cSSList: [fxgl_dark.css]
16:10:59.049 [FXGL Background Thread 3 ] DEBUG Engine               - collisionDetectionStrategy: BRUTE_FORCE
16:10:59.049 [FXGL Background Thread 3 ] DEBUG Engine               - configClass: Optional.empty
16:10:59.049 [FXGL Background Thread 3 ] DEBUG Engine               - credits: []
16:10:59.049 [FXGL Background Thread 3 ] DEBUG Engine               - defaultCursor: CursorInfo(imageName=fxgl_default_cursor.png, hotspotX=7.0, hotspotY=6.0)
16:10:59.049 [FXGL Background Thread 3 ] DEBUG Engine               - devBBoxColorProperty: ObjectProperty [value: 0xff0000ff]
16:10:59.049 [FXGL Background Thread 3 ] DEBUG Engine               - devEnableDebugCameraProperty: BooleanProperty [value: false]
16:10:59.049 [FXGL Background Thread 3 ] DEBUG Engine               - devSensorColorProperty: ObjectProperty [value: 0xffff00ff]
16:10:59.049 [FXGL Background Thread 3 ] DEBUG Engine               - devShowBBoxProperty: BooleanProperty [value: false]
16:10:59.049 [FXGL Background Thread 3 ] DEBUG Engine               - devShowPositionProperty: BooleanProperty [value: false]
16:10:59.049 [FXGL Background Thread 3 ] DEBUG Engine               - enabledMenuItems: []
16:10:59.050 [FXGL Background Thread 3 ] DEBUG Engine               - engineServices: [class com.almasb.fxgl.app.services.FXGLAssetLoaderService, class com.almasb.fxgl.app.FXGLApplication$GameApplicationService, class com.almasb.fxgl.app.services.FXGLDialogService, class com.almasb.fxgl.app.services.IOTaskExecutorService, class com.almasb.fxgl.io.FileSystemService, class com.almasb.fxgl.localization.LocalizationService, class com.almasb.fxgl.app.services.SystemBundleService, class com.almasb.fxgl.profile.SaveLoadService, class com.almasb.fxgl.ui.FXGLUIFactoryServiceProvider, class com.almasb.fxgl.ui.FXGLDialogFactoryServiceProvider, class com.almasb.fxgl.audio.AudioPlayer, class com.almasb.fxgl.notification.impl.NotificationServiceProvider, class com.almasb.fxgl.achievement.AchievementService, class com.almasb.fxgl.cutscene.CutsceneService, class com.almasb.fxgl.minigames.MiniGameService, class com.almasb.fxgl.net.NetService, class com.almasb.fxgl.app.services.UpdaterService, class com.almasb.fxgl.dev.DevService]
16:10:59.050 [FXGL Background Thread 3 ] DEBUG Engine               - fontGame: Abel-Regular.ttf
16:10:59.050 [FXGL Background Thread 3 ] DEBUG Engine               - fontMono: TerminalLandMono-Regular.otf
16:10:59.050 [FXGL Background Thread 3 ] DEBUG Engine               - fontText: Courier-Prime.ttf
16:10:59.050 [FXGL Background Thread 3 ] DEBUG Engine               - fontUI: VarelaRound-Regular.ttf
16:10:59.050 [FXGL Background Thread 3 ] DEBUG Engine               - fullScreen: BooleanProperty [value: false]
16:10:59.050 [FXGL Background Thread 3 ] DEBUG Engine               - gameDifficulty: MEDIUM
16:10:59.050 [FXGL Background Thread 3 ] DEBUG Engine               - gameDifficultyProperty: ObjectProperty [value: MEDIUM]
16:10:59.050 [FXGL Background Thread 3 ] DEBUG Engine               - globalMusicVolume: 0.5
16:10:59.050 [FXGL Background Thread 3 ] DEBUG Engine               - globalMusicVolumeProperty: DoubleProperty [value: 0.5]
16:10:59.050 [FXGL Background Thread 3 ] DEBUG Engine               - globalSoundVolume: 0.5
16:10:59.051 [FXGL Background Thread 3 ] DEBUG Engine               - globalSoundVolumeProperty: DoubleProperty [value: 0.5]
16:10:59.051 [FXGL Background Thread 3 ] DEBUG Engine               - height: 600
16:10:59.051 [FXGL Background Thread 3 ] DEBUG Engine               - is3D: false
16:10:59.051 [FXGL Background Thread 3 ] DEBUG Engine               - isAndroid: false
16:10:59.051 [FXGL Background Thread 3 ] DEBUG Engine               - isBrowser: false
16:10:59.051 [FXGL Background Thread 3 ] DEBUG Engine               - isClickFeedbackEnabled: false
16:10:59.051 [FXGL Background Thread 3 ] DEBUG Engine               - isCloseConfirmation: false
16:10:59.051 [FXGL Background Thread 3 ] DEBUG Engine               - isDesktop: true
16:10:59.051 [FXGL Background Thread 3 ] DEBUG Engine               - isDeveloperMenuEnabled: false
16:10:59.051 [FXGL Background Thread 3 ] DEBUG Engine               - isEmbedded: false
16:10:59.051 [FXGL Background Thread 3 ] DEBUG Engine               - isEntityPreloadEnabled: true
16:10:59.051 [FXGL Background Thread 3 ] DEBUG Engine               - isExperimentalTiledLargeMap: false
16:10:59.051 [FXGL Background Thread 3 ] DEBUG Engine               - isFileSystemWriteAllowed: true
16:10:59.051 [FXGL Background Thread 3 ] DEBUG Engine               - isFullScreenAllowed: false
16:10:59.051 [FXGL Background Thread 3 ] DEBUG Engine               - isFullScreenFromStart: false
16:10:59.051 [FXGL Background Thread 3 ] DEBUG Engine               - isGameMenuEnabled: true
16:10:59.051 [FXGL Background Thread 3 ] DEBUG Engine               - isIOS: false
16:10:59.051 [FXGL Background Thread 3 ] DEBUG Engine               - isIntroEnabled: false
16:10:59.051 [FXGL Background Thread 3 ] DEBUG Engine               - isLinux: false
16:10:59.051 [FXGL Background Thread 3 ] DEBUG Engine               - isMac: false
16:10:59.051 [FXGL Background Thread 3 ] DEBUG Engine               - isMainMenuEnabled: false
16:10:59.051 [FXGL Background Thread 3 ] DEBUG Engine               - isManualResizeEnabled: false
16:10:59.051 [FXGL Background Thread 3 ] DEBUG Engine               - isMobile: false
16:10:59.051 [FXGL Background Thread 3 ] DEBUG Engine               - isNative: false
16:10:59.051 [FXGL Background Thread 3 ] DEBUG Engine               - isPauseMusicWhenMinimized: true
16:10:59.051 [FXGL Background Thread 3 ] DEBUG Engine               - isPreserveResizeRatio: false
16:10:59.051 [FXGL Background Thread 3 ] DEBUG Engine               - isProfilingEnabled: false
16:10:59.051 [FXGL Background Thread 3 ] DEBUG Engine               - isScaleAffectedOnResize: true
16:10:59.051 [FXGL Background Thread 3 ] DEBUG Engine               - isSingleStep: false
16:10:59.051 [FXGL Background Thread 3 ] DEBUG Engine               - isUserProfileEnabled: false
16:10:59.051 [FXGL Background Thread 3 ] DEBUG Engine               - isWindows: true
16:10:59.051 [FXGL Background Thread 3 ] DEBUG Engine               - language: ObjectProperty [value: ENGLISH]
16:10:59.051 [FXGL Background Thread 3 ] DEBUG Engine               - menuKey: ESCAPE
16:10:59.051 [FXGL Background Thread 3 ] DEBUG Engine               - mouseSensitivity: 0.2
16:10:59.051 [FXGL Background Thread 3 ] DEBUG Engine               - notificationViewClass: class com.almasb.fxgl.notification.view.XboxNotificationView
16:10:59.051 [FXGL Background Thread 3 ] DEBUG Engine               - pixelsPerMeter: 50.0
16:10:59.051 [FXGL Background Thread 3 ] DEBUG Engine               - platform: WINDOWS
16:10:59.051 [FXGL Background Thread 3 ] DEBUG Engine               - prefHeightProperty: ReadOnlyDoubleProperty [value: 600.0]
16:10:59.051 [FXGL Background Thread 3 ] DEBUG Engine               - prefWidthProperty: ReadOnlyDoubleProperty [value: 800.0]
16:10:59.051 [FXGL Background Thread 3 ] DEBUG Engine               - profileDir: profiles/
16:10:59.051 [FXGL Background Thread 3 ] DEBUG Engine               - profileName: StringProperty [value: DEFAULT]
16:10:59.051 [FXGL Background Thread 3 ] DEBUG Engine               - randomSeed: -1
16:10:59.052 [FXGL Background Thread 3 ] DEBUG Engine               - runtimeInfo: RuntimeInfo(platform=WINDOWS, version=17.2, build=20.08.2022 16.50)
16:10:59.052 [FXGL Background Thread 3 ] DEBUG Engine               - saveFileExt: sav
16:10:59.052 [FXGL Background Thread 3 ] DEBUG Engine               - scaledHeightProp$fxgl: DoubleProperty [bound, value: 600.0]
16:10:59.052 [FXGL Background Thread 3 ] DEBUG Engine               - scaledWidthProp$fxgl: DoubleProperty [bound, value: 800.0]
16:10:59.052 [FXGL Background Thread 3 ] DEBUG Engine               - sceneFactory: com.almasb.fxgl.app.scene.SceneFactory@78c4df23
16:10:59.052 [FXGL Background Thread 3 ] DEBUG Engine               - secondsIn24h: 60
16:10:59.052 [FXGL Background Thread 3 ] DEBUG Engine               - soundMenuBack: menu/back.wav
16:10:59.052 [FXGL Background Thread 3 ] DEBUG Engine               - soundMenuPress: menu/press.wav
16:10:59.052 [FXGL Background Thread 3 ] DEBUG Engine               - soundMenuSelect: menu/select.wav
16:10:59.052 [FXGL Background Thread 3 ] DEBUG Engine               - soundNotification: core/notification.wav
16:10:59.052 [FXGL Background Thread 3 ] DEBUG Engine               - stageStyle: DECORATED
16:10:59.052 [FXGL Background Thread 3 ] DEBUG Engine               - supportedLanguages: [ENGLISH, FRENCH, GERMAN, HUNGARIAN, RUSSIAN]
16:10:59.052 [FXGL Background Thread 3 ] DEBUG Engine               - ticksPerSecond: -1
16:10:59.052 [FXGL Background Thread 3 ] DEBUG Engine               - title: Untitled
16:10:59.052 [FXGL Background Thread 3 ] DEBUG Engine               - urlGithub: https://github.com/AlmasB/FXGL
16:10:59.052 [FXGL Background Thread 3 ] DEBUG Engine               - urlLeaderboard: http://fxgl-top.herokuapp.com/
16:10:59.052 [FXGL Background Thread 3 ] DEBUG Engine               - urlPOM: https://raw.githubusercontent.com/AlmasB/FXGL/release/README.md
16:10:59.052 [FXGL Background Thread 3 ] DEBUG Engine               - userAppClass: class com.example.fp.GameApp
16:10:59.052 [FXGL Background Thread 3 ] DEBUG Engine               - version: 0.0
16:10:59.052 [FXGL Background Thread 3 ] DEBUG Engine               - versionCheckDays: 7
16:10:59.052 [FXGL Background Thread 3 ] DEBUG Engine               - width: 800
16:10:59.052 [FXGL Background Thread 3 ] DEBUG Engine               - Logging services
16:10:59.052 [FXGL Background Thread 3 ] DEBUG Engine               - class com.almasb.fxgl.app.services.FXGLAssetLoaderService
16:10:59.052 [FXGL Background Thread 3 ] DEBUG Engine               - class com.almasb.fxgl.app.FXGLApplication$GameApplicationService
16:10:59.052 [FXGL Background Thread 3 ] DEBUG Engine               - class com.almasb.fxgl.app.services.FXGLDialogService
16:10:59.052 [FXGL Background Thread 3 ] DEBUG Engine               - class com.almasb.fxgl.app.services.IOTaskExecutorService
16:10:59.052 [FXGL Background Thread 3 ] DEBUG Engine               - class com.almasb.fxgl.io.FileSystemService
16:10:59.052 [FXGL Background Thread 3 ] DEBUG Engine               - class com.almasb.fxgl.localization.LocalizationService
16:10:59.052 [FXGL Background Thread 3 ] DEBUG Engine               - class com.almasb.fxgl.app.services.SystemBundleService
16:10:59.052 [FXGL Background Thread 3 ] DEBUG Engine               - class com.almasb.fxgl.profile.SaveLoadService
16:10:59.052 [FXGL Background Thread 3 ] DEBUG Engine               - class com.almasb.fxgl.ui.FXGLUIFactoryServiceProvider
16:10:59.053 [FXGL Background Thread 3 ] DEBUG Engine               - class com.almasb.fxgl.ui.FXGLDialogFactoryServiceProvider
16:10:59.053 [FXGL Background Thread 3 ] DEBUG Engine               - class com.almasb.fxgl.audio.AudioPlayer
16:10:59.053 [FXGL Background Thread 3 ] DEBUG Engine               - class com.almasb.fxgl.notification.impl.NotificationServiceProvider
16:10:59.053 [FXGL Background Thread 3 ] DEBUG Engine               - class com.almasb.fxgl.achievement.AchievementService
16:10:59.053 [FXGL Background Thread 3 ] DEBUG Engine               - class com.almasb.fxgl.cutscene.CutsceneService
16:10:59.053 [FXGL Background Thread 3 ] DEBUG Engine               - class com.almasb.fxgl.minigames.MiniGameService
16:10:59.053 [FXGL Background Thread 3 ] DEBUG Engine               - class com.almasb.fxgl.net.NetService
16:10:59.053 [FXGL Background Thread 3 ] DEBUG Engine               - class com.almasb.fxgl.app.services.UpdaterService
16:10:59.053 [FXGL Background Thread 3 ] DEBUG Engine               - class com.almasb.fxgl.dev.DevService
16:11:00.611 [JavaFX Application Thread] DEBUG FXGLApplication      - Exiting FXGL
16:11:00.611 [JavaFX Application Thread] DEBUG LoopRunner           - Stopping loop
16:11:00.611 [JavaFX Application Thread] DEBUG SystemBundleService  - Saving FXGL system data
16:11:00.613 [JavaFX Application Thread] DEBUG FileSystemAccess     - Writing to: D:\college\I3\Java\Project\final project\FP\system\fxgl.bundle
16:11:00.615 [JavaFX Application Thread] DEBUG Async                - Shutting down background threads
16:11:00.615 [JavaFX Application Thread] DEBUG PrimaryStageWindow   - Closing main window
16:11:00.628 [JavaFX Application Thread] DEBUG Logger               - Closing Logger
