16:00:39.564 [main                     ] DEBUG Logger               - Configured Logger
16:00:39.579 [main                     ] DEBUG GameApplication      - Logging settings
Title: Untitled
Version: 0.0
Width: 800
Height: 600
Fullscreen: false
Intro: false
Profiling: false
Single step:false
App Mode: DEVELOPER
Menu Key: ESCAPE
Stage Style: DECORATED
Scene Factory: class com.almasb.fxgl.app.scene.SceneFactory

16:00:39.645 [JavaFX Application Thread] DEBUG FXGLApplication      - Initializing FXGL
16:00:39.648 [JavaFX Application Thread] INFO  Engine               - FXGL-17.2 (20.08.2022 16.50) on WINDOWS (J:21.0.1 FX:21-ea)
16:00:39.649 [JavaFX Application Thread] DEBUG Engine               - JRE Vendor Name: Eclipse Adoptium
16:00:39.649 [JavaFX Application Thread] DEBUG Engine               - Running on OS: Windows 11 version 10.0
16:00:39.649 [JavaFX Application Thread] DEBUG Engine               - Architecture: amd64
16:00:39.649 [JavaFX Application Thread] INFO  Engine               - Source code and latest versions at: https://github.com/AlmasB/FXGL
16:00:39.649 [JavaFX Application Thread] INFO  Engine               -       Ask questions and discuss at: https://github.com/AlmasB/FXGL/discussions
16:00:39.649 [JavaFX Application Thread] INFO  Engine               -              Join the FXGL chat at: https://gitter.im/AlmasB/FXGL
16:00:39.685 [JavaFX Application Thread] DEBUG PrimaryStageWindow   - Creating a JavaFX scene
16:00:39.725 [JavaFX Application Thread] DEBUG PrimaryStageWindow   - Target settings size: 800.0 x 600.0
16:00:39.725 [JavaFX Application Thread] DEBUG PrimaryStageWindow   - Scaled scene size:    800.0 x 600.0
16:00:39.725 [JavaFX Application Thread] DEBUG PrimaryStageWindow   - Scaled ratio: (1.0, 1.0)
16:00:39.727 [JavaFX Application Thread] DEBUG PrimaryStageWindow   - Set initial scene to FXGLStartupScene
16:00:39.729 [JavaFX Application Thread] DEBUG PrimaryStageWindow   - Opening main window
16:00:39.811 [JavaFX Application Thread] DEBUG PrimaryStageWindow   - Window border size: (14.4000244140625, 37.5999755859375)
16:00:39.812 [JavaFX Application Thread] DEBUG PrimaryStageWindow   - Scaled size: 800.0 x 600.0
16:00:39.812 [JavaFX Application Thread] DEBUG PrimaryStageWindow   - Scaled ratio: (1.0, 1.0)
16:00:39.812 [JavaFX Application Thread] DEBUG PrimaryStageWindow   - Scene size: 800.0 x 600.0
16:00:39.812 [JavaFX Application Thread] DEBUG PrimaryStageWindow   - Stage size: 814.4000244140625 x 637.5999755859375
16:00:39.819 [FXGL Background Thread 1 ] DEBUG Engine               - Initializing environment variables
16:00:39.859 [FXGL Background Thread 1 ] DEBUG FXGLAssetLoaderServi - User app class for loading assets: class com.example.fp.GameApp
16:00:39.861 [FXGL Background Thread 1 ] DEBUG GameApplicationServi - Applying CSS: fxgl_dark.css
16:00:39.861 [FXGL Background Thread 1 ] DEBUG FXGLAssetLoaderServi - Loading from file system: jar:file:///C:/Users/USer/.m2/repository/com/github/almasb/fxgl/17.2/fxgl-17.2.jar!/fxglassets/ui/css/fxgl_dark.css
16:00:39.897 [FXGL Background Thread 1 ] DEBUG GameApplicationServi - Initializing application scenes
16:00:39.943 [FXGL Background Thread 1 ] DEBUG GameWorld            - Game world initialized
16:00:39.998 [FXGL Background Thread 1 ] DEBUG PhysicsWorld         - Physics world initialized: appHeight=600, physics.ppm=50.0
16:00:39.998 [FXGL Background Thread 1 ] DEBUG PhysicsWorld         - Using strategy: BRUTE_FORCE
16:00:40.002 [FXGL Background Thread 1 ] DEBUG GameScene            - Game scene initialized: 800x600
16:00:40.011 [FXGL Background Thread 1 ] DEBUG FXGL.DefaultMenu     - createMenuBodyGameMenu()
16:00:40.019 [FXGL Background Thread 1 ] DEBUG FXGL.DefaultMenu     - createOptionsMenu()
16:00:40.028 [FXGL Background Thread 1 ] DEBUG FXGLAssetLoaderServi - Loading from file system: jar:file:///C:/Users/USer/.m2/repository/com/github/almasb/fxgl/17.2/fxgl-17.2.jar!/fxglassets/textures/particles/smoke.png
16:00:40.115 [FXGL Background Thread 1 ] DEBUG FXGLAssetLoaderServi - Loading from file system: jar:file:///C:/Users/USer/.m2/repository/com/github/almasb/fxgl/17.2/fxgl-17.2.jar!/fxglassets/textures/particles/trace_horizontal.png
16:00:40.145 [FXGL Background Thread 1 ] DEBUG GameApplicationServi - Application scenes initialized
16:00:40.156 [FXGL Background Thread 1 ] DEBUG SystemBundleService  - Loading FXGL system data
16:00:40.159 [FXGL Background Thread 1 ] DEBUG FileSystemAccess     - Reading from: D:\college\I3\Java\Project\final project\FP\system\fxgl.bundle
16:00:40.168 [FXGL Background Thread 1 ] DEBUG SystemBundleService  - Bundle FXGL: {}
16:00:40.168 [FXGL Background Thread 1 ] DEBUG UpdaterService       - Checking for updates
16:00:40.171 [FXGL Background Thread 4 ] DEBUG FXGLApplication      - Loading fonts
16:00:40.172 [FXGL Background Thread 1 ] DEBUG FXGLApplication      - Loading default localization
16:00:40.172 [FXGL Background Thread 4 ] DEBUG FXGLAssetLoaderServi - Loading from file system: jar:file:///C:/Users/USer/.m2/repository/com/github/almasb/fxgl/17.2/fxgl-17.2.jar!/fxglassets/ui/fonts/VarelaRound-Regular.ttf
16:00:40.172 [FXGL Background Thread 1 ] DEBUG FXGLAssetLoaderServi - Loading from file system: jar:file:///C:/Users/USer/.m2/repository/com/github/almasb/fxgl/17.2/fxgl-17.2.jar!/fxglassets/languages/english.lang
16:00:40.209 [FXGL Background Thread 4 ] DEBUG FXGLAssetLoaderServi - Loading from file system: jar:file:///C:/Users/USer/.m2/repository/com/github/almasb/fxgl/17.2/fxgl-17.2.jar!/fxglassets/ui/fonts/Abel-Regular.ttf
16:00:40.212 [FXGL Background Thread 4 ] DEBUG FXGLAssetLoaderServi - Loading from file system: jar:file:///C:/Users/USer/.m2/repository/com/github/almasb/fxgl/17.2/fxgl-17.2.jar!/fxglassets/ui/fonts/TerminalLandMono-Regular.otf
16:00:40.213 [FXGL Background Thread 1 ] INFO  FXGLApplication      - FXGL initialization took: 0.395 sec
16:00:40.216 [FXGL Background Thread 4 ] DEBUG FXGLAssetLoaderServi - Loading from file system: jar:file:///C:/Users/USer/.m2/repository/com/github/almasb/fxgl/17.2/fxgl-17.2.jar!/fxglassets/ui/fonts/Courier-Prime.ttf
16:00:40.223 [JavaFX Application Thread] DEBUG Input                - Registered new binding: AUTO-0 - A
16:00:40.224 [JavaFX Application Thread] DEBUG Input                - Registered new binding: AUTO-1 - D
16:00:40.225 [JavaFX Application Thread] DEBUG Input                - Registered new binding: action0 - W
16:00:40.225 [JavaFX Application Thread] DEBUG Input                - Registered new binding: action1 - U
16:00:40.227 [JavaFX Application Thread] DEBUG Input                - Registered new binding: AUTO-2 - Left
16:00:40.228 [JavaFX Application Thread] DEBUG Input                - Registered new binding: AUTO-3 - Right
16:00:40.228 [JavaFX Application Thread] DEBUG Input                - Registered new binding: action2 - Up
16:00:40.229 [JavaFX Application Thread] DEBUG FXGLAssetLoaderServi - Loading from file system: jar:file:///C:/Users/USer/.m2/repository/com/github/almasb/fxgl/17.2/fxgl-17.2.jar!/fxglassets/textures/fxgl_icon.png
16:00:40.251 [JavaFX Application Thread] DEBUG FXGLAssetLoaderServi - Loading from file system: jar:file:///C:/Users/USer/.m2/repository/com/github/almasb/fxgl/17.2/fxgl-17.2.jar!/fxglassets/textures/fxgl_default_cursor.png
16:00:40.253 [JavaFX Application Thread] DEBUG Input                - Registered new binding: Screenshot - CTRL+8
16:00:40.254 [JavaFX Application Thread] DEBUG Input                - Registered new binding: System info dump - CTRL+9
16:00:40.255 [JavaFX Application Thread] DEBUG Input                - Registered new binding: Restart - CTRL+R
16:00:40.256 [JavaFX Application Thread] DEBUG Input                - Registered new binding: Toggle Debug Camera - CTRL+7
16:00:40.258 [JavaFX Application Thread] DEBUG LoopRunner           - Starting loop
16:00:40.258 [JavaFX Application Thread] DEBUG LoopRunner           - Initializing JavaFX AnimationTimerLoop
16:00:40.262 [JavaFX Application Thread] DEBUG GameApplicationServi - Starting new game
16:00:40.263 [JavaFX Application Thread] DEBUG Input                - Clearing active input actions
16:00:40.277 [JavaFX Application Thread] DEBUG GameApplicationServi - Removing overlay from FXGLStartupScene and adding to FXGLLoadingScene
16:00:40.277 [JavaFX Application Thread] DEBUG PrimaryStageWindow   - FXGLStartupScene -> FXGLLoadingScene
16:00:40.277 [JavaFX Application Thread] DEBUG GameApplicationServi - Clearing previous game
16:00:40.278 [JavaFX Application Thread] DEBUG GameScene            - Clearing game scene
16:00:40.278 [JavaFX Application Thread] DEBUG GameWorld            - Clearing game world
16:00:40.278 [JavaFX Application Thread] DEBUG PhysicsWorld         - Clearing physics world
16:00:40.281 [JavaFX Application Thread] DEBUG FXGLApplication      - Registering font factories with UI factory
16:00:40.281 [FXGL Background Thread 4 ] DEBUG FXGLApplication      - Initializing game
16:00:40.305 [FXGL Background Thread 4 ] DEBUG FXGLAssetLoaderServi - Loading from file system: file:/D:/college/I3/Java/Project/final%20project/FP/target/classes/assets/textures/background/map1.jpg
16:00:40.382 [FXGL Background Thread 4 ] DEBUG FXGLAssetLoaderServi - Loading from file system: file:/D:/college/I3/Java/Project/final%20project/FP/target/classes/assets/textures/char1/idle.gif
16:00:40.396 [FXGL Background Thread 4 ] DEBUG FXGLAssetLoaderServi - Loading from file system: file:/D:/college/I3/Java/Project/final%20project/FP/target/classes/assets/textures/char2/idle.gif
16:00:40.418 [FXGL Background Thread 4 ] INFO  FXGLApplication      - Game initialization took: 0.137 sec
16:00:40.452 [JavaFX Application Thread] DEBUG Input                - Clearing active input actions
16:00:40.462 [JavaFX Application Thread] DEBUG GameApplicationServi - Removing overlay from FXGLLoadingScene and adding to GameScene
16:00:40.462 [JavaFX Application Thread] DEBUG PrimaryStageWindow   - FXGLLoadingScene -> GameScene
16:00:40.876 [FXGL Background Thread 2 ] INFO  UpdaterService       - Your current version:  17.2
16:00:40.876 [FXGL Background Thread 2 ] INFO  UpdaterService       - Latest stable version: 17.3
16:00:41.254 [JavaFX Application Thread] DEBUG FXGLAssetLoaderServi - Loading from file system: file:/D:/college/I3/Java/Project/final%20project/FP/target/classes/assets/textures/char1/right.gif
16:00:42.165 [JavaFX Application Thread] DEBUG FXGLAssetLoaderServi - Loading from file system: file:/D:/college/I3/Java/Project/final%20project/FP/target/classes/assets/textures/char2/right.gif
16:00:42.501 [JavaFX Application Thread] DEBUG FXGLAssetLoaderServi - Loading from file system: file:/D:/college/I3/Java/Project/final%20project/FP/target/classes/assets/textures/char1/left.gif
16:00:43.011 [JavaFX Application Thread] DEBUG FXGLAssetLoaderServi - Loading from file system: file:/D:/college/I3/Java/Project/final%20project/FP/target/classes/assets/textures/char2/left.gif
16:00:43.171 [FXGL Background Thread 3 ] DEBUG Engine               - Logging environment variables
16:00:43.172 [FXGL Background Thread 3 ] DEBUG Engine               - achievements: []
16:00:43.172 [FXGL Background Thread 3 ] DEBUG Engine               - actualHeight: 600.0
16:00:43.172 [FXGL Background Thread 3 ] DEBUG Engine               - actualHeightProperty: ReadOnlyDoubleProperty [value: 600.0]
16:00:43.172 [FXGL Background Thread 3 ] DEBUG Engine               - actualWidth: 800.0
16:00:43.172 [FXGL Background Thread 3 ] DEBUG Engine               - actualWidthProperty: ReadOnlyDoubleProperty [value: 800.0]
16:00:43.172 [FXGL Background Thread 3 ] DEBUG Engine               - appIcon: fxgl_icon.png
16:00:43.172 [FXGL Background Thread 3 ] DEBUG Engine               - applicationMode: DEVELOPER
16:00:43.172 [FXGL Background Thread 3 ] DEBUG Engine               - cSSList: [fxgl_dark.css]
16:00:43.172 [FXGL Background Thread 3 ] DEBUG Engine               - collisionDetectionStrategy: BRUTE_FORCE
16:00:43.172 [FXGL Background Thread 3 ] DEBUG Engine               - configClass: Optional.empty
16:00:43.172 [FXGL Background Thread 3 ] DEBUG Engine               - credits: []
16:00:43.173 [FXGL Background Thread 3 ] DEBUG Engine               - defaultCursor: CursorInfo(imageName=fxgl_default_cursor.png, hotspotX=7.0, hotspotY=6.0)
16:00:43.173 [FXGL Background Thread 3 ] DEBUG Engine               - devBBoxColorProperty: ObjectProperty [value: 0xff0000ff]
16:00:43.173 [FXGL Background Thread 3 ] DEBUG Engine               - devEnableDebugCameraProperty: BooleanProperty [value: false]
16:00:43.173 [FXGL Background Thread 3 ] DEBUG Engine               - devSensorColorProperty: ObjectProperty [value: 0xffff00ff]
16:00:43.173 [FXGL Background Thread 3 ] DEBUG Engine               - devShowBBoxProperty: BooleanProperty [value: false]
16:00:43.173 [FXGL Background Thread 3 ] DEBUG Engine               - devShowPositionProperty: BooleanProperty [value: false]
16:00:43.173 [FXGL Background Thread 3 ] DEBUG Engine               - enabledMenuItems: []
16:00:43.173 [FXGL Background Thread 3 ] DEBUG Engine               - engineServices: [class com.almasb.fxgl.app.services.FXGLAssetLoaderService, class com.almasb.fxgl.app.FXGLApplication$GameApplicationService, class com.almasb.fxgl.app.services.FXGLDialogService, class com.almasb.fxgl.app.services.IOTaskExecutorService, class com.almasb.fxgl.io.FileSystemService, class com.almasb.fxgl.localization.LocalizationService, class com.almasb.fxgl.app.services.SystemBundleService, class com.almasb.fxgl.profile.SaveLoadService, class com.almasb.fxgl.ui.FXGLUIFactoryServiceProvider, class com.almasb.fxgl.ui.FXGLDialogFactoryServiceProvider, class com.almasb.fxgl.audio.AudioPlayer, class com.almasb.fxgl.notification.impl.NotificationServiceProvider, class com.almasb.fxgl.achievement.AchievementService, class com.almasb.fxgl.cutscene.CutsceneService, class com.almasb.fxgl.minigames.MiniGameService, class com.almasb.fxgl.net.NetService, class com.almasb.fxgl.app.services.UpdaterService, class com.almasb.fxgl.dev.DevService]
16:00:43.173 [FXGL Background Thread 3 ] DEBUG Engine               - fontGame: Abel-Regular.ttf
16:00:43.173 [FXGL Background Thread 3 ] DEBUG Engine               - fontMono: TerminalLandMono-Regular.otf
16:00:43.173 [FXGL Background Thread 3 ] DEBUG Engine               - fontText: Courier-Prime.ttf
16:00:43.173 [FXGL Background Thread 3 ] DEBUG Engine               - fontUI: VarelaRound-Regular.ttf
16:00:43.173 [FXGL Background Thread 3 ] DEBUG Engine               - fullScreen: BooleanProperty [value: false]
16:00:43.173 [FXGL Background Thread 3 ] DEBUG Engine               - gameDifficulty: MEDIUM
16:00:43.173 [FXGL Background Thread 3 ] DEBUG Engine               - gameDifficultyProperty: ObjectProperty [value: MEDIUM]
16:00:43.173 [FXGL Background Thread 3 ] DEBUG Engine               - globalMusicVolume: 0.5
16:00:43.173 [FXGL Background Thread 3 ] DEBUG Engine               - globalMusicVolumeProperty: DoubleProperty [value: 0.5]
16:00:43.173 [FXGL Background Thread 3 ] DEBUG Engine               - globalSoundVolume: 0.5
16:00:43.173 [FXGL Background Thread 3 ] DEBUG Engine               - globalSoundVolumeProperty: DoubleProperty [value: 0.5]
16:00:43.173 [FXGL Background Thread 3 ] DEBUG Engine               - height: 600
16:00:43.173 [FXGL Background Thread 3 ] DEBUG Engine               - is3D: false
16:00:43.173 [FXGL Background Thread 3 ] DEBUG Engine               - isAndroid: false
16:00:43.173 [FXGL Background Thread 3 ] DEBUG Engine               - isBrowser: false
16:00:43.173 [FXGL Background Thread 3 ] DEBUG Engine               - isClickFeedbackEnabled: false
16:00:43.173 [FXGL Background Thread 3 ] DEBUG Engine               - isCloseConfirmation: false
16:00:43.173 [FXGL Background Thread 3 ] DEBUG Engine               - isDesktop: true
16:00:43.173 [FXGL Background Thread 3 ] DEBUG Engine               - isDeveloperMenuEnabled: false
16:00:43.175 [FXGL Background Thread 3 ] DEBUG Engine               - isEmbedded: false
16:00:43.175 [FXGL Background Thread 3 ] DEBUG Engine               - isEntityPreloadEnabled: true
16:00:43.175 [FXGL Background Thread 3 ] DEBUG Engine               - isExperimentalTiledLargeMap: false
16:00:43.175 [FXGL Background Thread 3 ] DEBUG Engine               - isFileSystemWriteAllowed: true
16:00:43.175 [FXGL Background Thread 3 ] DEBUG Engine               - isFullScreenAllowed: false
16:00:43.175 [FXGL Background Thread 3 ] DEBUG Engine               - isFullScreenFromStart: false
16:00:43.175 [FXGL Background Thread 3 ] DEBUG Engine               - isGameMenuEnabled: true
16:00:43.175 [FXGL Background Thread 3 ] DEBUG Engine               - isIOS: false
16:00:43.175 [FXGL Background Thread 3 ] DEBUG Engine               - isIntroEnabled: false
16:00:43.175 [FXGL Background Thread 3 ] DEBUG Engine               - isLinux: false
16:00:43.175 [FXGL Background Thread 3 ] DEBUG Engine               - isMac: false
16:00:43.175 [FXGL Background Thread 3 ] DEBUG Engine               - isMainMenuEnabled: false
16:00:43.175 [FXGL Background Thread 3 ] DEBUG Engine               - isManualResizeEnabled: false
16:00:43.175 [FXGL Background Thread 3 ] DEBUG Engine               - isMobile: false
16:00:43.175 [FXGL Background Thread 3 ] DEBUG Engine               - isNative: false
16:00:43.175 [FXGL Background Thread 3 ] DEBUG Engine               - isPauseMusicWhenMinimized: true
16:00:43.175 [FXGL Background Thread 3 ] DEBUG Engine               - isPreserveResizeRatio: false
16:00:43.175 [FXGL Background Thread 3 ] DEBUG Engine               - isProfilingEnabled: false
16:00:43.175 [FXGL Background Thread 3 ] DEBUG Engine               - isScaleAffectedOnResize: true
16:00:43.175 [FXGL Background Thread 3 ] DEBUG Engine               - isSingleStep: false
16:00:43.175 [FXGL Background Thread 3 ] DEBUG Engine               - isUserProfileEnabled: false
16:00:43.175 [FXGL Background Thread 3 ] DEBUG Engine               - isWindows: true
16:00:43.175 [FXGL Background Thread 3 ] DEBUG Engine               - language: ObjectProperty [value: ENGLISH]
16:00:43.175 [FXGL Background Thread 3 ] DEBUG Engine               - menuKey: ESCAPE
16:00:43.175 [FXGL Background Thread 3 ] DEBUG Engine               - mouseSensitivity: 0.2
16:00:43.175 [FXGL Background Thread 3 ] DEBUG Engine               - notificationViewClass: class com.almasb.fxgl.notification.view.XboxNotificationView
16:00:43.175 [FXGL Background Thread 3 ] DEBUG Engine               - pixelsPerMeter: 50.0
16:00:43.175 [FXGL Background Thread 3 ] DEBUG Engine               - platform: WINDOWS
16:00:43.175 [FXGL Background Thread 3 ] DEBUG Engine               - prefHeightProperty: ReadOnlyDoubleProperty [value: 600.0]
16:00:43.175 [FXGL Background Thread 3 ] DEBUG Engine               - prefWidthProperty: ReadOnlyDoubleProperty [value: 800.0]
16:00:43.175 [FXGL Background Thread 3 ] DEBUG Engine               - profileDir: profiles/
16:00:43.175 [FXGL Background Thread 3 ] DEBUG Engine               - profileName: StringProperty [value: DEFAULT]
16:00:43.175 [FXGL Background Thread 3 ] DEBUG Engine               - randomSeed: -1
16:00:43.176 [FXGL Background Thread 3 ] DEBUG Engine               - runtimeInfo: RuntimeInfo(platform=WINDOWS, version=17.2, build=20.08.2022 16.50)
16:00:43.176 [FXGL Background Thread 3 ] DEBUG Engine               - saveFileExt: sav
16:00:43.176 [FXGL Background Thread 3 ] DEBUG Engine               - scaledHeightProp$fxgl: DoubleProperty [bound, value: 600.0]
16:00:43.176 [FXGL Background Thread 3 ] DEBUG Engine               - scaledWidthProp$fxgl: DoubleProperty [bound, value: 800.0]
16:00:43.176 [FXGL Background Thread 3 ] DEBUG Engine               - sceneFactory: com.almasb.fxgl.app.scene.SceneFactory@3986be11
16:00:43.176 [FXGL Background Thread 3 ] DEBUG Engine               - secondsIn24h: 60
16:00:43.176 [FXGL Background Thread 3 ] DEBUG Engine               - soundMenuBack: menu/back.wav
16:00:43.176 [FXGL Background Thread 3 ] DEBUG Engine               - soundMenuPress: menu/press.wav
16:00:43.176 [FXGL Background Thread 3 ] DEBUG Engine               - soundMenuSelect: menu/select.wav
16:00:43.176 [FXGL Background Thread 3 ] DEBUG Engine               - soundNotification: core/notification.wav
16:00:43.176 [FXGL Background Thread 3 ] DEBUG Engine               - stageStyle: DECORATED
16:00:43.176 [FXGL Background Thread 3 ] DEBUG Engine               - supportedLanguages: [ENGLISH, FRENCH, GERMAN, HUNGARIAN, RUSSIAN]
16:00:43.176 [FXGL Background Thread 3 ] DEBUG Engine               - ticksPerSecond: -1
16:00:43.176 [FXGL Background Thread 3 ] DEBUG Engine               - title: Untitled
16:00:43.176 [FXGL Background Thread 3 ] DEBUG Engine               - urlGithub: https://github.com/AlmasB/FXGL
16:00:43.176 [FXGL Background Thread 3 ] DEBUG Engine               - urlLeaderboard: http://fxgl-top.herokuapp.com/
16:00:43.176 [FXGL Background Thread 3 ] DEBUG Engine               - urlPOM: https://raw.githubusercontent.com/AlmasB/FXGL/release/README.md
16:00:43.176 [FXGL Background Thread 3 ] DEBUG Engine               - userAppClass: class com.example.fp.GameApp
16:00:43.176 [FXGL Background Thread 3 ] DEBUG Engine               - version: 0.0
16:00:43.176 [FXGL Background Thread 3 ] DEBUG Engine               - versionCheckDays: 7
16:00:43.176 [FXGL Background Thread 3 ] DEBUG Engine               - width: 800
16:00:43.176 [FXGL Background Thread 3 ] DEBUG Engine               - Logging services
16:00:43.176 [FXGL Background Thread 3 ] DEBUG Engine               - class com.almasb.fxgl.app.services.FXGLAssetLoaderService
16:00:43.176 [FXGL Background Thread 3 ] DEBUG Engine               - class com.almasb.fxgl.app.FXGLApplication$GameApplicationService
16:00:43.176 [FXGL Background Thread 3 ] DEBUG Engine               - class com.almasb.fxgl.app.services.FXGLDialogService
16:00:43.176 [FXGL Background Thread 3 ] DEBUG Engine               - class com.almasb.fxgl.app.services.IOTaskExecutorService
16:00:43.176 [FXGL Background Thread 3 ] DEBUG Engine               - class com.almasb.fxgl.io.FileSystemService
16:00:43.176 [FXGL Background Thread 3 ] DEBUG Engine               - class com.almasb.fxgl.localization.LocalizationService
16:00:43.176 [FXGL Background Thread 3 ] DEBUG Engine               - class com.almasb.fxgl.app.services.SystemBundleService
16:00:43.176 [FXGL Background Thread 3 ] DEBUG Engine               - class com.almasb.fxgl.profile.SaveLoadService
16:00:43.176 [FXGL Background Thread 3 ] DEBUG Engine               - class com.almasb.fxgl.ui.FXGLUIFactoryServiceProvider
16:00:43.176 [FXGL Background Thread 3 ] DEBUG Engine               - class com.almasb.fxgl.ui.FXGLDialogFactoryServiceProvider
16:00:43.176 [FXGL Background Thread 3 ] DEBUG Engine               - class com.almasb.fxgl.audio.AudioPlayer
16:00:43.176 [FXGL Background Thread 3 ] DEBUG Engine               - class com.almasb.fxgl.notification.impl.NotificationServiceProvider
16:00:43.177 [FXGL Background Thread 3 ] DEBUG Engine               - class com.almasb.fxgl.achievement.AchievementService
16:00:43.177 [FXGL Background Thread 3 ] DEBUG Engine               - class com.almasb.fxgl.cutscene.CutsceneService
16:00:43.177 [FXGL Background Thread 3 ] DEBUG Engine               - class com.almasb.fxgl.minigames.MiniGameService
16:00:43.177 [FXGL Background Thread 3 ] DEBUG Engine               - class com.almasb.fxgl.net.NetService
16:00:43.177 [FXGL Background Thread 3 ] DEBUG Engine               - class com.almasb.fxgl.app.services.UpdaterService
16:00:43.177 [FXGL Background Thread 3 ] DEBUG Engine               - class com.almasb.fxgl.dev.DevService
16:00:45.726 [JavaFX Application Thread] WARN  FXGLAssetLoaderServi - Asset "/assets/textures/char2/jump1.gif" was not found!
16:00:45.727 [JavaFX Application Thread] WARN  FXGLAssetLoaderServi - Failed to load IMAGE
16:00:45.733 [JavaFX Application Thread] WARN  FXGLAssetLoaderServi - Asset "/assets/textures/char2/jump1.gif" was not found!
16:00:45.733 [JavaFX Application Thread] WARN  FXGLAssetLoaderServi - Failed to load IMAGE
16:00:45.733 [JavaFX Application Thread] DEBUG FXGLAssetLoaderServi - Loading from file system: file:/D:/college/I3/Java/Project/final%20project/FP/target/classes/assets/textures/char1/jump1.gif
16:00:45.739 [JavaFX Application Thread] WARN  FXGLAssetLoaderServi - Asset "/assets/textures/char2/jump1.gif" was not found!
16:00:45.740 [JavaFX Application Thread] WARN  FXGLAssetLoaderServi - Failed to load IMAGE
16:00:45.747 [JavaFX Application Thread] WARN  FXGLAssetLoaderServi - Asset "/assets/textures/char2/jump1.gif" was not found!
16:00:45.747 [JavaFX Application Thread] WARN  FXGLAssetLoaderServi - Failed to load IMAGE
16:00:47.087 [JavaFX Application Thread] WARN  FXGLAssetLoaderServi - Asset "/assets/textures/char2/jump1.gif" was not found!
16:00:47.087 [JavaFX Application Thread] WARN  FXGLAssetLoaderServi - Failed to load IMAGE
16:00:47.094 [JavaFX Application Thread] WARN  FXGLAssetLoaderServi - Asset "/assets/textures/char2/jump1.gif" was not found!
16:00:47.094 [JavaFX Application Thread] WARN  FXGLAssetLoaderServi - Failed to load IMAGE
16:00:47.101 [JavaFX Application Thread] WARN  FXGLAssetLoaderServi - Asset "/assets/textures/char2/jump1.gif" was not found!
16:00:47.101 [JavaFX Application Thread] WARN  FXGLAssetLoaderServi - Failed to load IMAGE
16:00:47.108 [JavaFX Application Thread] WARN  FXGLAssetLoaderServi - Asset "/assets/textures/char2/jump1.gif" was not found!
16:00:47.108 [JavaFX Application Thread] WARN  FXGLAssetLoaderServi - Failed to load IMAGE
16:00:49.476 [JavaFX Application Thread] WARN  FXGLAssetLoaderServi - Asset "/assets/textures/char2/jump1.gif" was not found!
16:00:49.476 [JavaFX Application Thread] WARN  FXGLAssetLoaderServi - Failed to load IMAGE
16:00:49.478 [JavaFX Application Thread] WARN  FXGLAssetLoaderServi - Asset "/assets/textures/char2/jump1.gif" was not found!
16:00:49.478 [JavaFX Application Thread] WARN  FXGLAssetLoaderServi - Failed to load IMAGE
16:00:49.489 [JavaFX Application Thread] WARN  FXGLAssetLoaderServi - Asset "/assets/textures/char2/jump1.gif" was not found!
16:00:49.489 [JavaFX Application Thread] WARN  FXGLAssetLoaderServi - Failed to load IMAGE
16:00:49.493 [JavaFX Application Thread] WARN  FXGLAssetLoaderServi - Asset "/assets/textures/char2/jump1.gif" was not found!
16:00:49.493 [JavaFX Application Thread] WARN  FXGLAssetLoaderServi - Failed to load IMAGE
16:00:50.754 [JavaFX Application Thread] WARN  FXGLAssetLoaderServi - Asset "/assets/textures/char2/jump1.gif" was not found!
16:00:50.754 [JavaFX Application Thread] WARN  FXGLAssetLoaderServi - Failed to load IMAGE
16:00:50.757 [JavaFX Application Thread] WARN  FXGLAssetLoaderServi - Asset "/assets/textures/char2/jump1.gif" was not found!
16:00:50.757 [JavaFX Application Thread] WARN  FXGLAssetLoaderServi - Failed to load IMAGE
16:00:50.767 [JavaFX Application Thread] WARN  FXGLAssetLoaderServi - Asset "/assets/textures/char2/jump1.gif" was not found!
16:00:50.768 [JavaFX Application Thread] WARN  FXGLAssetLoaderServi - Failed to load IMAGE
16:00:50.773 [JavaFX Application Thread] WARN  FXGLAssetLoaderServi - Asset "/assets/textures/char2/jump1.gif" was not found!
16:00:50.773 [JavaFX Application Thread] WARN  FXGLAssetLoaderServi - Failed to load IMAGE
16:00:52.129 [JavaFX Application Thread] WARN  FXGLAssetLoaderServi - Asset "/assets/textures/char2/jump1.gif" was not found!
16:00:52.129 [JavaFX Application Thread] WARN  FXGLAssetLoaderServi - Failed to load IMAGE
16:00:52.134 [JavaFX Application Thread] WARN  FXGLAssetLoaderServi - Asset "/assets/textures/char2/jump1.gif" was not found!
16:00:52.134 [JavaFX Application Thread] WARN  FXGLAssetLoaderServi - Failed to load IMAGE
16:00:52.142 [JavaFX Application Thread] WARN  FXGLAssetLoaderServi - Asset "/assets/textures/char2/jump1.gif" was not found!
16:00:52.143 [JavaFX Application Thread] WARN  FXGLAssetLoaderServi - Failed to load IMAGE
16:00:52.149 [JavaFX Application Thread] WARN  FXGLAssetLoaderServi - Asset "/assets/textures/char2/jump1.gif" was not found!
16:00:52.149 [JavaFX Application Thread] WARN  FXGLAssetLoaderServi - Failed to load IMAGE
16:00:53.517 [JavaFX Application Thread] WARN  FXGLAssetLoaderServi - Asset "/assets/textures/char2/jump1.gif" was not found!
16:00:53.518 [JavaFX Application Thread] WARN  FXGLAssetLoaderServi - Failed to load IMAGE
16:00:53.525 [JavaFX Application Thread] WARN  FXGLAssetLoaderServi - Asset "/assets/textures/char2/jump1.gif" was not found!
16:00:53.525 [JavaFX Application Thread] WARN  FXGLAssetLoaderServi - Failed to load IMAGE
16:00:53.526 [JavaFX Application Thread] WARN  FXGLAssetLoaderServi - Asset "/assets/textures/char2/jump1.gif" was not found!
16:00:53.526 [JavaFX Application Thread] WARN  FXGLAssetLoaderServi - Failed to load IMAGE
16:00:53.538 [JavaFX Application Thread] WARN  FXGLAssetLoaderServi - Asset "/assets/textures/char2/jump1.gif" was not found!
16:00:53.539 [JavaFX Application Thread] WARN  FXGLAssetLoaderServi - Failed to load IMAGE
16:00:56.213 [JavaFX Application Thread] WARN  FXGLAssetLoaderServi - Asset "/assets/textures/char2/jump1.gif" was not found!
16:00:56.213 [JavaFX Application Thread] WARN  FXGLAssetLoaderServi - Failed to load IMAGE
16:00:56.214 [JavaFX Application Thread] WARN  FXGLAssetLoaderServi - Asset "/assets/textures/char2/jump1.gif" was not found!
16:00:56.214 [JavaFX Application Thread] WARN  FXGLAssetLoaderServi - Failed to load IMAGE
16:00:56.217 [JavaFX Application Thread] WARN  FXGLAssetLoaderServi - Asset "/assets/textures/char2/jump1.gif" was not found!
16:00:56.218 [JavaFX Application Thread] WARN  FXGLAssetLoaderServi - Failed to load IMAGE
16:00:56.219 [JavaFX Application Thread] WARN  FXGLAssetLoaderServi - Asset "/assets/textures/char2/jump1.gif" was not found!
16:00:56.219 [JavaFX Application Thread] WARN  FXGLAssetLoaderServi - Failed to load IMAGE
16:00:58.164 [JavaFX Application Thread] WARN  FXGLAssetLoaderServi - Asset "/assets/textures/char2/jump1.gif" was not found!
16:00:58.164 [JavaFX Application Thread] WARN  FXGLAssetLoaderServi - Failed to load IMAGE
16:00:58.166 [JavaFX Application Thread] WARN  FXGLAssetLoaderServi - Asset "/assets/textures/char2/jump1.gif" was not found!
16:00:58.166 [JavaFX Application Thread] WARN  FXGLAssetLoaderServi - Failed to load IMAGE
16:00:58.177 [JavaFX Application Thread] WARN  FXGLAssetLoaderServi - Asset "/assets/textures/char2/jump1.gif" was not found!
16:00:58.178 [JavaFX Application Thread] WARN  FXGLAssetLoaderServi - Failed to load IMAGE
16:00:58.181 [JavaFX Application Thread] WARN  FXGLAssetLoaderServi - Asset "/assets/textures/char2/jump1.gif" was not found!
16:00:58.181 [JavaFX Application Thread] WARN  FXGLAssetLoaderServi - Failed to load IMAGE
16:00:59.553 [JavaFX Application Thread] WARN  FXGLAssetLoaderServi - Asset "/assets/textures/char2/jump1.gif" was not found!
16:00:59.553 [JavaFX Application Thread] WARN  FXGLAssetLoaderServi - Failed to load IMAGE
16:00:59.557 [JavaFX Application Thread] WARN  FXGLAssetLoaderServi - Asset "/assets/textures/char2/jump1.gif" was not found!
16:00:59.557 [JavaFX Application Thread] WARN  FXGLAssetLoaderServi - Failed to load IMAGE
16:00:59.566 [JavaFX Application Thread] WARN  FXGLAssetLoaderServi - Asset "/assets/textures/char2/jump1.gif" was not found!
16:00:59.567 [JavaFX Application Thread] WARN  FXGLAssetLoaderServi - Failed to load IMAGE
16:00:59.573 [JavaFX Application Thread] WARN  FXGLAssetLoaderServi - Asset "/assets/textures/char2/jump1.gif" was not found!
16:00:59.574 [JavaFX Application Thread] WARN  FXGLAssetLoaderServi - Failed to load IMAGE
16:01:01.163 [JavaFX Application Thread] WARN  FXGLAssetLoaderServi - Asset "/assets/textures/char2/jump1.gif" was not found!
16:01:01.163 [JavaFX Application Thread] WARN  FXGLAssetLoaderServi - Failed to load IMAGE
16:01:01.170 [JavaFX Application Thread] WARN  FXGLAssetLoaderServi - Asset "/assets/textures/char2/jump1.gif" was not found!
16:01:01.170 [JavaFX Application Thread] WARN  FXGLAssetLoaderServi - Failed to load IMAGE
16:01:01.174 [JavaFX Application Thread] WARN  FXGLAssetLoaderServi - Asset "/assets/textures/char2/jump1.gif" was not found!
16:01:01.174 [JavaFX Application Thread] WARN  FXGLAssetLoaderServi - Failed to load IMAGE
16:01:01.184 [JavaFX Application Thread] WARN  FXGLAssetLoaderServi - Asset "/assets/textures/char2/jump1.gif" was not found!
16:01:01.184 [JavaFX Application Thread] WARN  FXGLAssetLoaderServi - Failed to load IMAGE
16:01:02.461 [JavaFX Application Thread] WARN  FXGLAssetLoaderServi - Asset "/assets/textures/char2/jump1.gif" was not found!
16:01:02.462 [JavaFX Application Thread] WARN  FXGLAssetLoaderServi - Failed to load IMAGE
16:01:02.469 [JavaFX Application Thread] WARN  FXGLAssetLoaderServi - Asset "/assets/textures/char2/jump1.gif" was not found!
16:01:02.469 [JavaFX Application Thread] WARN  FXGLAssetLoaderServi - Failed to load IMAGE
16:01:02.476 [JavaFX Application Thread] WARN  FXGLAssetLoaderServi - Asset "/assets/textures/char2/jump1.gif" was not found!
16:01:02.476 [JavaFX Application Thread] WARN  FXGLAssetLoaderServi - Failed to load IMAGE
16:01:02.483 [JavaFX Application Thread] WARN  FXGLAssetLoaderServi - Asset "/assets/textures/char2/jump1.gif" was not found!
16:01:02.483 [JavaFX Application Thread] WARN  FXGLAssetLoaderServi - Failed to load IMAGE
16:01:03.837 [JavaFX Application Thread] WARN  FXGLAssetLoaderServi - Asset "/assets/textures/char2/jump1.gif" was not found!
16:01:03.837 [JavaFX Application Thread] WARN  FXGLAssetLoaderServi - Failed to load IMAGE
16:01:03.844 [JavaFX Application Thread] WARN  FXGLAssetLoaderServi - Asset "/assets/textures/char2/jump1.gif" was not found!
16:01:03.844 [JavaFX Application Thread] WARN  FXGLAssetLoaderServi - Failed to load IMAGE
16:01:03.845 [JavaFX Application Thread] WARN  FXGLAssetLoaderServi - Asset "/assets/textures/char2/jump1.gif" was not found!
16:01:03.845 [JavaFX Application Thread] WARN  FXGLAssetLoaderServi - Failed to load IMAGE
16:01:03.858 [JavaFX Application Thread] WARN  FXGLAssetLoaderServi - Asset "/assets/textures/char2/jump1.gif" was not found!
16:01:03.858 [JavaFX Application Thread] WARN  FXGLAssetLoaderServi - Failed to load IMAGE
16:01:05.185 [JavaFX Application Thread] WARN  FXGLAssetLoaderServi - Asset "/assets/textures/char2/jump1.gif" was not found!
16:01:05.185 [JavaFX Application Thread] WARN  FXGLAssetLoaderServi - Failed to load IMAGE
16:01:05.190 [JavaFX Application Thread] WARN  FXGLAssetLoaderServi - Asset "/assets/textures/char2/jump1.gif" was not found!
16:01:05.190 [JavaFX Application Thread] WARN  FXGLAssetLoaderServi - Failed to load IMAGE
16:01:05.199 [JavaFX Application Thread] WARN  FXGLAssetLoaderServi - Asset "/assets/textures/char2/jump1.gif" was not found!
16:01:05.199 [JavaFX Application Thread] WARN  FXGLAssetLoaderServi - Failed to load IMAGE
16:01:05.205 [JavaFX Application Thread] WARN  FXGLAssetLoaderServi - Asset "/assets/textures/char2/jump1.gif" was not found!
16:01:05.205 [JavaFX Application Thread] WARN  FXGLAssetLoaderServi - Failed to load IMAGE
16:01:55.044 [JavaFX Application Thread] DEBUG FXGLApplication      - Exiting FXGL
16:01:55.044 [JavaFX Application Thread] DEBUG LoopRunner           - Stopping loop
16:01:55.044 [JavaFX Application Thread] DEBUG SystemBundleService  - Saving FXGL system data
16:01:55.045 [JavaFX Application Thread] DEBUG FileSystemAccess     - Writing to: D:\college\I3\Java\Project\final project\FP\system\fxgl.bundle
16:01:55.047 [JavaFX Application Thread] DEBUG Async                - Shutting down background threads
16:01:55.047 [JavaFX Application Thread] DEBUG PrimaryStageWindow   - Closing main window
16:01:55.057 [JavaFX Application Thread] DEBUG Logger               - Closing Logger
