18:39:06.112 [main                     ] DEBUG Logger               - Configured Logger
18:39:06.127 [main                     ] DEBUG GameApplication      - Logging settings
Title: Fighting
Version: Game
Width: 800
Height: 600
Fullscreen: false
Intro: false
Profiling: false
Single step:false
App Mode: DEVELOPER
Menu Key: ESCAPE
Stage Style: DECORATED
Scene Factory: class com.example.fp.GameApp$1

18:39:06.228 [JavaFX Application Thread] DEBUG FXGLApplication      - Initializing FXGL
18:39:06.232 [JavaFX Application Thread] INFO  Engine               - FXGL-17.2 (20.08.2022 16.50) on WINDOWS (J:21.0.1 FX:21-ea)
18:39:06.232 [JavaFX Application Thread] DEBUG Engine               - JRE Vendor Name: Eclipse Adoptium
18:39:06.233 [JavaFX Application Thread] DEBUG Engine               - Running on OS: Windows 11 version 10.0
18:39:06.233 [JavaFX Application Thread] DEBUG Engine               - Architecture: amd64
18:39:06.233 [JavaFX Application Thread] INFO  Engine               - Source code and latest versions at: https://github.com/AlmasB/FXGL
18:39:06.233 [JavaFX Application Thread] INFO  Engine               -       Ask questions and discuss at: https://github.com/AlmasB/FXGL/discussions
18:39:06.233 [JavaFX Application Thread] INFO  Engine               -              Join the FXGL chat at: https://gitter.im/AlmasB/FXGL
18:39:06.285 [JavaFX Application Thread] DEBUG PrimaryStageWindow   - Creating a JavaFX scene
18:39:06.329 [JavaFX Application Thread] DEBUG PrimaryStageWindow   - Target settings size: 800.0 x 600.0
18:39:06.329 [JavaFX Application Thread] DEBUG PrimaryStageWindow   - Scaled scene size:    800.0 x 600.0
18:39:06.329 [JavaFX Application Thread] DEBUG PrimaryStageWindow   - Scaled ratio: (1.0, 1.0)
18:39:06.330 [JavaFX Application Thread] DEBUG PrimaryStageWindow   - Set initial scene to FXGLStartupScene
18:39:06.334 [JavaFX Application Thread] DEBUG PrimaryStageWindow   - Opening main window
18:39:06.417 [JavaFX Application Thread] DEBUG PrimaryStageWindow   - Window border size: (14.4000244140625, 37.5999755859375)
18:39:06.418 [JavaFX Application Thread] DEBUG PrimaryStageWindow   - Scaled size: 800.0 x 600.0
18:39:06.418 [JavaFX Application Thread] DEBUG PrimaryStageWindow   - Scaled ratio: (1.0, 1.0)
18:39:06.418 [JavaFX Application Thread] DEBUG PrimaryStageWindow   - Scene size: 800.0 x 600.0
18:39:06.418 [JavaFX Application Thread] DEBUG PrimaryStageWindow   - Stage size: 814.4000244140625 x 637.5999755859375
18:39:06.435 [FXGL Background Thread 1 ] DEBUG Engine               - Initializing environment variables
18:39:06.479 [FXGL Background Thread 1 ] DEBUG FXGLAssetLoaderServi - User app class for loading assets: class com.example.fp.GameApp
18:39:06.480 [FXGL Background Thread 1 ] DEBUG GameApplicationServi - Applying CSS: fxgl_dark.css
18:39:06.480 [FXGL Background Thread 1 ] DEBUG FXGLAssetLoaderServi - Loading from file system: jar:file:/D:/college/I3/Java/Project/final%20project/FPv14/FP/out/artifacts/FP_jar/Fighty-C/FP.jar!/fxglassets/ui/css/fxgl_dark.css
18:39:06.516 [FXGL Background Thread 1 ] DEBUG GameApplicationServi - Initializing application scenes
18:39:06.563 [FXGL Background Thread 1 ] DEBUG GameWorld            - Game world initialized
18:39:06.627 [FXGL Background Thread 1 ] DEBUG PhysicsWorld         - Physics world initialized: appHeight=600, physics.ppm=50.0
18:39:06.627 [FXGL Background Thread 1 ] DEBUG PhysicsWorld         - Using strategy: BRUTE_FORCE
18:39:06.631 [FXGL Background Thread 1 ] DEBUG GameScene            - Game scene initialized: 800x600
18:39:06.696 [FXGL Background Thread 1 ] DEBUG FXGL.DefaultMenu     - createMenuBodyGameMenu()
18:39:06.709 [FXGL Background Thread 1 ] DEBUG FXGL.DefaultMenu     - createOptionsMenu()
18:39:06.716 [FXGL Background Thread 1 ] DEBUG FXGLAssetLoaderServi - Loading from file system: jar:file:/D:/college/I3/Java/Project/final%20project/FPv14/FP/out/artifacts/FP_jar/Fighty-C/FP.jar!/fxglassets/textures/particles/smoke.png
18:39:06.799 [FXGL Background Thread 1 ] DEBUG FXGLAssetLoaderServi - Loading from file system: jar:file:/D:/college/I3/Java/Project/final%20project/FPv14/FP/out/artifacts/FP_jar/Fighty-C/FP.jar!/fxglassets/textures/particles/trace_horizontal.png
18:39:06.827 [FXGL Background Thread 1 ] DEBUG GameApplicationServi - Application scenes initialized
18:39:06.844 [FXGL Background Thread 1 ] DEBUG SystemBundleService  - Loading FXGL system data
18:39:06.855 [FXGL Background Thread 1 ] DEBUG FileSystemAccess     - Reading from: D:\college\I3\Java\Project\final project\FPv14\FP\out\artifacts\FP_jar\Fighty-C\system\fxgl.bundle
18:39:06.869 [FXGL Background Thread 1 ] DEBUG SystemBundleService  - Bundle FXGL: {}
18:39:06.869 [FXGL Background Thread 1 ] DEBUG UpdaterService       - Checking for updates
18:39:06.872 [FXGL Background Thread 4 ] DEBUG FXGLApplication      - Loading fonts
18:39:06.873 [FXGL Background Thread 4 ] DEBUG FXGLAssetLoaderServi - Loading from file system: jar:file:/D:/college/I3/Java/Project/final%20project/FPv14/FP/out/artifacts/FP_jar/Fighty-C/FP.jar!/fxglassets/ui/fonts/VarelaRound-Regular.ttf
18:39:06.873 [FXGL Background Thread 1 ] DEBUG FXGLApplication      - Loading default localization
18:39:06.873 [FXGL Background Thread 1 ] DEBUG FXGLAssetLoaderServi - Loading from file system: jar:file:/D:/college/I3/Java/Project/final%20project/FPv14/FP/out/artifacts/FP_jar/Fighty-C/FP.jar!/fxglassets/languages/english.lang
18:39:06.900 [FXGL Background Thread 1 ] INFO  FXGLApplication      - FXGL initialization took: 0.466 sec
18:39:06.911 [JavaFX Application Thread] DEBUG Input                - Registered new binding: p1WalkLeft - A
18:39:06.912 [JavaFX Application Thread] DEBUG Input                - Registered new binding: p1WalkRight - D
18:39:06.912 [JavaFX Application Thread] DEBUG Input                - Registered new binding: p1Jump - W
18:39:06.913 [JavaFX Application Thread] DEBUG Input                - Registered new binding: p1Duck - S
18:39:06.913 [JavaFX Application Thread] DEBUG Input                - Registered new binding: p1Punch - U
18:39:06.914 [JavaFX Application Thread] DEBUG Input                - Registered new binding: p1Kick - I
18:39:06.914 [JavaFX Application Thread] DEBUG Input                - Registered new binding: p1Run - R
18:39:06.915 [JavaFX Application Thread] DEBUG Input                - Registered new binding: p1Dash - Q
18:39:06.915 [JavaFX Application Thread] DEBUG Input                - Registered new binding: AUTO-0 - Left
18:39:06.915 [JavaFX Application Thread] DEBUG Input                - Registered new binding: AUTO-1 - Right
18:39:06.916 [JavaFX Application Thread] DEBUG Input                - Registered new binding: action0 - Up
18:39:06.916 [JavaFX Application Thread] DEBUG Input                - Registered new binding: AUTO-2 - Down
18:39:06.916 [JavaFX Application Thread] DEBUG Input                - Registered new binding: AUTO-3 - Numpad 4
18:39:06.917 [JavaFX Application Thread] DEBUG Input                - Registered new binding: AUTO-4 - Numpad 5
18:39:06.917 [JavaFX Application Thread] DEBUG Input                - Registered new binding: p2Run - Numpad 1
18:39:06.918 [JavaFX Application Thread] DEBUG Input                - Registered new binding: p2Dash - Numpad 2
18:39:06.918 [JavaFX Application Thread] DEBUG FXGLAssetLoaderServi - Loading from file system: jar:file:/D:/college/I3/Java/Project/final%20project/FPv14/FP/out/artifacts/FP_jar/Fighty-C/FP.jar!/assets/music/mainmenu.mp3
18:39:06.952 [FXGL Background Thread 4 ] DEBUG FXGLAssetLoaderServi - Loading from file system: jar:file:/D:/college/I3/Java/Project/final%20project/FPv14/FP/out/artifacts/FP_jar/Fighty-C/FP.jar!/fxglassets/ui/fonts/Abel-Regular.ttf
18:39:06.955 [FXGL Background Thread 4 ] DEBUG FXGLAssetLoaderServi - Loading from file system: jar:file:/D:/college/I3/Java/Project/final%20project/FPv14/FP/out/artifacts/FP_jar/Fighty-C/FP.jar!/fxglassets/ui/fonts/TerminalLandMono-Regular.otf
18:39:06.959 [FXGL Background Thread 4 ] DEBUG FXGLAssetLoaderServi - Loading from file system: jar:file:/D:/college/I3/Java/Project/final%20project/FPv14/FP/out/artifacts/FP_jar/Fighty-C/FP.jar!/fxglassets/ui/fonts/Courier-Prime.ttf
18:39:07.039 [JavaFX Application Thread] DEBUG AudioPlayer          - Playing music com.almasb.fxgl.audio.Music@61934e6
18:39:07.040 [JavaFX Application Thread] DEBUG FXGLAssetLoaderServi - Loading from file system: jar:file:/D:/college/I3/Java/Project/final%20project/FPv14/FP/out/artifacts/FP_jar/Fighty-C/FP.jar!/fxglassets/textures/fxgl_icon.png
18:39:07.069 [JavaFX Application Thread] DEBUG FXGLAssetLoaderServi - Loading from file system: jar:file:/D:/college/I3/Java/Project/final%20project/FPv14/FP/out/artifacts/FP_jar/Fighty-C/FP.jar!/fxglassets/textures/fxgl_default_cursor.png
18:39:07.073 [JavaFX Application Thread] DEBUG Input                - Registered new binding: Screenshot - CTRL+8
18:39:07.074 [JavaFX Application Thread] DEBUG Input                - Registered new binding: System info dump - CTRL+9
18:39:07.075 [JavaFX Application Thread] DEBUG Input                - Registered new binding: Restart - CTRL+R
18:39:07.076 [JavaFX Application Thread] DEBUG Input                - Registered new binding: Toggle Debug Camera - CTRL+7
18:39:07.081 [JavaFX Application Thread] DEBUG LoopRunner           - Starting loop
18:39:07.081 [JavaFX Application Thread] DEBUG LoopRunner           - Initializing JavaFX AnimationTimerLoop
18:39:07.085 [JavaFX Application Thread] DEBUG Input                - Clearing active input actions
18:39:07.092 [JavaFX Application Thread] DEBUG GameApplicationServi - Removing overlay from FXGLStartupScene and adding to FXGLMainMenuDummyScene
18:39:07.092 [JavaFX Application Thread] DEBUG PrimaryStageWindow   - FXGLStartupScene -> FXGLMainMenuDummyScene
18:39:07.092 [JavaFX Application Thread] DEBUG PrimaryStageWindow   - Push state: FightMenu
18:39:07.092 [JavaFX Application Thread] DEBUG Input                - Clearing active input actions
18:39:07.102 [JavaFX Application Thread] DEBUG GameApplicationServi - Removing overlay from FXGLMainMenuDummyScene and adding to FightMenu
18:39:07.103 [JavaFX Application Thread] DEBUG PrimaryStageWindow   - FXGLMainMenuDummyScene -> FightMenu
18:39:07.103 [JavaFX Application Thread] DEBUG FXGLApplication      - Registering font factories with UI factory
18:39:07.189 [FXGL Background Thread 2 ] WARN  UpdaterService       - Failed to find updates: java.net.UnknownHostException: raw.githubusercontent.com
18:39:09.873 [FXGL Background Thread 3 ] DEBUG Engine               - Logging environment variables
18:39:09.873 [FXGL Background Thread 3 ] DEBUG Engine               - achievements: []
18:39:09.873 [FXGL Background Thread 3 ] DEBUG Engine               - actualHeight: 600.0
18:39:09.873 [FXGL Background Thread 3 ] DEBUG Engine               - actualHeightProperty: ReadOnlyDoubleProperty [value: 600.0]
18:39:09.873 [FXGL Background Thread 3 ] DEBUG Engine               - actualWidth: 800.0
18:39:09.874 [FXGL Background Thread 3 ] DEBUG Engine               - actualWidthProperty: ReadOnlyDoubleProperty [value: 800.0]
18:39:09.874 [FXGL Background Thread 3 ] DEBUG Engine               - appIcon: fxgl_icon.png
18:39:09.874 [FXGL Background Thread 3 ] DEBUG Engine               - applicationMode: DEVELOPER
18:39:09.874 [FXGL Background Thread 3 ] DEBUG Engine               - cSSList: [fxgl_dark.css]
18:39:09.874 [FXGL Background Thread 3 ] DEBUG Engine               - collisionDetectionStrategy: BRUTE_FORCE
18:39:09.874 [FXGL Background Thread 3 ] DEBUG Engine               - configClass: Optional.empty
18:39:09.875 [FXGL Background Thread 3 ] DEBUG Engine               - credits: []
18:39:09.875 [FXGL Background Thread 3 ] DEBUG Engine               - defaultCursor: CursorInfo(imageName=fxgl_default_cursor.png, hotspotX=7.0, hotspotY=6.0)
18:39:09.875 [FXGL Background Thread 3 ] DEBUG Engine               - devBBoxColorProperty: ObjectProperty [value: 0xff0000ff]
18:39:09.876 [FXGL Background Thread 3 ] DEBUG Engine               - devEnableDebugCameraProperty: BooleanProperty [value: false]
18:39:09.876 [FXGL Background Thread 3 ] DEBUG Engine               - devSensorColorProperty: ObjectProperty [value: 0xffff00ff]
18:39:09.876 [FXGL Background Thread 3 ] DEBUG Engine               - devShowBBoxProperty: BooleanProperty [value: false]
18:39:09.876 [FXGL Background Thread 3 ] DEBUG Engine               - devShowPositionProperty: BooleanProperty [value: false]
18:39:09.876 [FXGL Background Thread 3 ] DEBUG Engine               - enabledMenuItems: []
18:39:09.876 [FXGL Background Thread 3 ] DEBUG Engine               - engineServices: [class com.almasb.fxgl.app.services.FXGLAssetLoaderService, class com.almasb.fxgl.app.FXGLApplication$GameApplicationService, class com.almasb.fxgl.app.services.FXGLDialogService, class com.almasb.fxgl.app.services.IOTaskExecutorService, class com.almasb.fxgl.io.FileSystemService, class com.almasb.fxgl.localization.LocalizationService, class com.almasb.fxgl.app.services.SystemBundleService, class com.almasb.fxgl.profile.SaveLoadService, class com.almasb.fxgl.ui.FXGLUIFactoryServiceProvider, class com.almasb.fxgl.ui.FXGLDialogFactoryServiceProvider, class com.almasb.fxgl.audio.AudioPlayer, class com.almasb.fxgl.notification.impl.NotificationServiceProvider, class com.almasb.fxgl.achievement.AchievementService, class com.almasb.fxgl.cutscene.CutsceneService, class com.almasb.fxgl.minigames.MiniGameService, class com.almasb.fxgl.net.NetService, class com.almasb.fxgl.app.services.UpdaterService, class com.almasb.fxgl.dev.DevService]
18:39:09.876 [FXGL Background Thread 3 ] DEBUG Engine               - fontGame: Abel-Regular.ttf
18:39:09.876 [FXGL Background Thread 3 ] DEBUG Engine               - fontMono: TerminalLandMono-Regular.otf
18:39:09.876 [FXGL Background Thread 3 ] DEBUG Engine               - fontText: Courier-Prime.ttf
18:39:09.876 [FXGL Background Thread 3 ] DEBUG Engine               - fontUI: VarelaRound-Regular.ttf
18:39:09.876 [FXGL Background Thread 3 ] DEBUG Engine               - fullScreen: BooleanProperty [value: false]
18:39:09.876 [FXGL Background Thread 3 ] DEBUG Engine               - gameDifficulty: MEDIUM
18:39:09.876 [FXGL Background Thread 3 ] DEBUG Engine               - gameDifficultyProperty: ObjectProperty [value: MEDIUM]
18:39:09.876 [FXGL Background Thread 3 ] DEBUG Engine               - globalMusicVolume: 0.5
18:39:09.878 [FXGL Background Thread 3 ] DEBUG Engine               - globalMusicVolumeProperty: DoubleProperty [value: 0.5]
18:39:09.878 [FXGL Background Thread 3 ] DEBUG Engine               - globalSoundVolume: 0.5
18:39:09.878 [FXGL Background Thread 3 ] DEBUG Engine               - globalSoundVolumeProperty: DoubleProperty [value: 0.1]
18:39:09.878 [FXGL Background Thread 3 ] DEBUG Engine               - height: 600
18:39:09.878 [FXGL Background Thread 3 ] DEBUG Engine               - is3D: false
18:39:09.878 [FXGL Background Thread 3 ] DEBUG Engine               - isAndroid: false
18:39:09.878 [FXGL Background Thread 3 ] DEBUG Engine               - isBrowser: false
18:39:09.878 [FXGL Background Thread 3 ] DEBUG Engine               - isClickFeedbackEnabled: false
18:39:09.878 [FXGL Background Thread 3 ] DEBUG Engine               - isCloseConfirmation: false
18:39:09.878 [FXGL Background Thread 3 ] DEBUG Engine               - isDesktop: true
18:39:09.878 [FXGL Background Thread 3 ] DEBUG Engine               - isDeveloperMenuEnabled: false
18:39:09.878 [FXGL Background Thread 3 ] DEBUG Engine               - isEmbedded: false
18:39:09.878 [FXGL Background Thread 3 ] DEBUG Engine               - isEntityPreloadEnabled: true
18:39:09.879 [FXGL Background Thread 3 ] DEBUG Engine               - isExperimentalTiledLargeMap: false
18:39:09.879 [FXGL Background Thread 3 ] DEBUG Engine               - isFileSystemWriteAllowed: true
18:39:09.879 [FXGL Background Thread 3 ] DEBUG Engine               - isFullScreenAllowed: false
18:39:09.879 [FXGL Background Thread 3 ] DEBUG Engine               - isFullScreenFromStart: false
18:39:09.879 [FXGL Background Thread 3 ] DEBUG Engine               - isGameMenuEnabled: true
18:39:09.879 [FXGL Background Thread 3 ] DEBUG Engine               - isIOS: false
18:39:09.879 [FXGL Background Thread 3 ] DEBUG Engine               - isIntroEnabled: false
18:39:09.880 [FXGL Background Thread 3 ] DEBUG Engine               - isLinux: false
18:39:09.880 [FXGL Background Thread 3 ] DEBUG Engine               - isMac: false
18:39:09.880 [FXGL Background Thread 3 ] DEBUG Engine               - isMainMenuEnabled: true
18:39:09.880 [FXGL Background Thread 3 ] DEBUG Engine               - isManualResizeEnabled: false
18:39:09.880 [FXGL Background Thread 3 ] DEBUG Engine               - isMobile: false
18:39:09.880 [FXGL Background Thread 3 ] DEBUG Engine               - isNative: false
18:39:09.880 [FXGL Background Thread 3 ] DEBUG Engine               - isPauseMusicWhenMinimized: true
18:39:09.880 [FXGL Background Thread 3 ] DEBUG Engine               - isPreserveResizeRatio: false
18:39:09.880 [FXGL Background Thread 3 ] DEBUG Engine               - isProfilingEnabled: false
18:39:09.880 [FXGL Background Thread 3 ] DEBUG Engine               - isScaleAffectedOnResize: true
18:39:09.880 [FXGL Background Thread 3 ] DEBUG Engine               - isSingleStep: false
18:39:09.880 [FXGL Background Thread 3 ] DEBUG Engine               - isUserProfileEnabled: false
18:39:09.880 [FXGL Background Thread 3 ] DEBUG Engine               - isWindows: true
18:39:09.880 [FXGL Background Thread 3 ] DEBUG Engine               - language: ObjectProperty [value: ENGLISH]
18:39:09.881 [FXGL Background Thread 3 ] DEBUG Engine               - menuKey: ESCAPE
18:39:09.881 [FXGL Background Thread 3 ] DEBUG Engine               - mouseSensitivity: 0.2
18:39:09.881 [FXGL Background Thread 3 ] DEBUG Engine               - notificationViewClass: class com.almasb.fxgl.notification.view.XboxNotificationView
18:39:09.881 [FXGL Background Thread 3 ] DEBUG Engine               - pixelsPerMeter: 50.0
18:39:09.881 [FXGL Background Thread 3 ] DEBUG Engine               - platform: WINDOWS
18:39:09.881 [FXGL Background Thread 3 ] DEBUG Engine               - prefHeightProperty: ReadOnlyDoubleProperty [value: 600.0]
18:39:09.881 [FXGL Background Thread 3 ] DEBUG Engine               - prefWidthProperty: ReadOnlyDoubleProperty [value: 800.0]
18:39:09.881 [FXGL Background Thread 3 ] DEBUG Engine               - profileDir: profiles/
18:39:09.881 [FXGL Background Thread 3 ] DEBUG Engine               - profileName: StringProperty [value: DEFAULT]
18:39:09.881 [FXGL Background Thread 3 ] DEBUG Engine               - randomSeed: -1
18:39:09.882 [FXGL Background Thread 3 ] DEBUG Engine               - runtimeInfo: RuntimeInfo(platform=WINDOWS, version=17.2, build=20.08.2022 16.50)
18:39:09.882 [FXGL Background Thread 3 ] DEBUG Engine               - saveFileExt: sav
18:39:09.882 [FXGL Background Thread 3 ] DEBUG Engine               - scaledHeightProp$fxgl: DoubleProperty [bound, value: 600.0]
18:39:09.882 [FXGL Background Thread 3 ] DEBUG Engine               - scaledWidthProp$fxgl: DoubleProperty [bound, value: 800.0]
18:39:09.882 [FXGL Background Thread 3 ] DEBUG Engine               - sceneFactory: com.example.fp.GameApp$1@140f2c57
18:39:09.882 [FXGL Background Thread 3 ] DEBUG Engine               - secondsIn24h: 60
18:39:09.882 [FXGL Background Thread 3 ] DEBUG Engine               - soundMenuBack: menu/back.wav
18:39:09.882 [FXGL Background Thread 3 ] DEBUG Engine               - soundMenuPress: menu/press.wav
18:39:09.882 [FXGL Background Thread 3 ] DEBUG Engine               - soundMenuSelect: menu/select.wav
18:39:09.882 [FXGL Background Thread 3 ] DEBUG Engine               - soundNotification: core/notification.wav
18:39:09.882 [FXGL Background Thread 3 ] DEBUG Engine               - stageStyle: DECORATED
18:39:09.882 [FXGL Background Thread 3 ] DEBUG Engine               - supportedLanguages: [ENGLISH, FRENCH, GERMAN, HUNGARIAN, RUSSIAN]
18:39:09.882 [FXGL Background Thread 3 ] DEBUG Engine               - ticksPerSecond: -1
18:39:09.882 [FXGL Background Thread 3 ] DEBUG Engine               - title: Fighting
18:39:09.882 [FXGL Background Thread 3 ] DEBUG Engine               - urlGithub: https://github.com/AlmasB/FXGL
18:39:09.882 [FXGL Background Thread 3 ] DEBUG Engine               - urlLeaderboard: http://fxgl-top.herokuapp.com/
18:39:09.882 [FXGL Background Thread 3 ] DEBUG Engine               - urlPOM: https://raw.githubusercontent.com/AlmasB/FXGL/release/README.md
18:39:09.882 [FXGL Background Thread 3 ] DEBUG Engine               - userAppClass: class com.example.fp.GameApp
18:39:09.883 [FXGL Background Thread 3 ] DEBUG Engine               - version: Game
18:39:09.883 [FXGL Background Thread 3 ] DEBUG Engine               - versionCheckDays: 7
18:39:09.883 [FXGL Background Thread 3 ] DEBUG Engine               - width: 800
18:39:09.883 [FXGL Background Thread 3 ] DEBUG Engine               - Logging services
18:39:09.883 [FXGL Background Thread 3 ] DEBUG Engine               - class com.almasb.fxgl.app.services.FXGLAssetLoaderService
18:39:09.883 [FXGL Background Thread 3 ] DEBUG Engine               - class com.almasb.fxgl.app.FXGLApplication$GameApplicationService
18:39:09.883 [FXGL Background Thread 3 ] DEBUG Engine               - class com.almasb.fxgl.app.services.FXGLDialogService
18:39:09.883 [FXGL Background Thread 3 ] DEBUG Engine               - class com.almasb.fxgl.app.services.IOTaskExecutorService
18:39:09.883 [FXGL Background Thread 3 ] DEBUG Engine               - class com.almasb.fxgl.io.FileSystemService
18:39:09.883 [FXGL Background Thread 3 ] DEBUG Engine               - class com.almasb.fxgl.localization.LocalizationService
18:39:09.883 [FXGL Background Thread 3 ] DEBUG Engine               - class com.almasb.fxgl.app.services.SystemBundleService
18:39:09.883 [FXGL Background Thread 3 ] DEBUG Engine               - class com.almasb.fxgl.profile.SaveLoadService
18:39:09.883 [FXGL Background Thread 3 ] DEBUG Engine               - class com.almasb.fxgl.ui.FXGLUIFactoryServiceProvider
18:39:09.883 [FXGL Background Thread 3 ] DEBUG Engine               - class com.almasb.fxgl.ui.FXGLDialogFactoryServiceProvider
18:39:09.883 [FXGL Background Thread 3 ] DEBUG Engine               - class com.almasb.fxgl.audio.AudioPlayer
18:39:09.883 [FXGL Background Thread 3 ] DEBUG Engine               - class com.almasb.fxgl.notification.impl.NotificationServiceProvider
18:39:09.883 [FXGL Background Thread 3 ] DEBUG Engine               - class com.almasb.fxgl.achievement.AchievementService
18:39:09.883 [FXGL Background Thread 3 ] DEBUG Engine               - class com.almasb.fxgl.cutscene.CutsceneService
18:39:09.883 [FXGL Background Thread 3 ] DEBUG Engine               - class com.almasb.fxgl.minigames.MiniGameService
18:39:09.883 [FXGL Background Thread 3 ] DEBUG Engine               - class com.almasb.fxgl.net.NetService
18:39:09.883 [FXGL Background Thread 3 ] DEBUG Engine               - class com.almasb.fxgl.app.services.UpdaterService
18:39:09.883 [FXGL Background Thread 3 ] DEBUG Engine               - class com.almasb.fxgl.dev.DevService
18:39:22.152 [JavaFX Application Thread] DEBUG AudioPlayer          - Stopping music com.almasb.fxgl.audio.Music@61934e6
18:39:22.193 [JavaFX Application Thread] DEBUG FXGLAssetLoaderServi - Loading from file system: jar:file:/D:/college/I3/Java/Project/final%20project/FPv14/FP/out/artifacts/FP_jar/Fighty-C/FP.jar!/assets/music/fight.mp3
18:39:22.196 [JavaFX Application Thread] DEBUG AudioPlayer          - Playing music com.almasb.fxgl.audio.Music@c0b2fc8
18:39:22.213 [JavaFX Application Thread] DEBUG Menu                 - fireNewGame()
18:39:22.213 [JavaFX Application Thread] DEBUG GameApplicationServi - Starting new game
18:39:22.213 [JavaFX Application Thread] DEBUG PrimaryStageWindow   - Pop state: FightMenu
18:39:22.213 [JavaFX Application Thread] DEBUG Input                - Clearing active input actions
18:39:22.214 [JavaFX Application Thread] DEBUG GameApplicationServi - Removing overlay from FightMenu and adding to FXGLMainMenuDummyScene
18:39:22.214 [JavaFX Application Thread] DEBUG PrimaryStageWindow   - FXGLMainMenuDummyScene <- FightMenu
18:39:22.214 [JavaFX Application Thread] DEBUG Input                - Clearing active input actions
18:39:22.219 [JavaFX Application Thread] DEBUG GameApplicationServi - Removing overlay from FXGLMainMenuDummyScene and adding to FXGLLoadingScene
18:39:22.219 [JavaFX Application Thread] DEBUG PrimaryStageWindow   - FXGLMainMenuDummyScene -> FXGLLoadingScene
18:39:22.219 [JavaFX Application Thread] DEBUG GameApplicationServi - Clearing previous game
18:39:22.219 [JavaFX Application Thread] DEBUG GameScene            - Clearing game scene
18:39:22.219 [JavaFX Application Thread] DEBUG GameWorld            - Clearing game world
18:39:22.219 [JavaFX Application Thread] DEBUG PhysicsWorld         - Clearing physics world
18:39:22.221 [FXGL Background Thread 2 ] DEBUG FXGLApplication      - Initializing game
18:39:22.229 [FXGL Background Thread 2 ] DEBUG FXGLAssetLoaderServi - Loading from file system: jar:file:/D:/college/I3/Java/Project/final%20project/FPv14/FP/out/artifacts/FP_jar/Fighty-C/FP.jar!/assets/textures/background/map5.jpg
18:39:22.311 [FXGL Background Thread 2 ] DEBUG FXGLAssetLoaderServi - Loading from file system: jar:file:/D:/college/I3/Java/Project/final%20project/FPv14/FP/out/artifacts/FP_jar/Fighty-C/FP.jar!/assets/textures/char1/idle.gif
18:39:22.329 [FXGL Background Thread 2 ] INFO  FXGLApplication      - Game initialization took: 0.107 sec
18:39:22.329 [JavaFX Application Thread] DEBUG Input                - Clearing active input actions
18:39:22.335 [JavaFX Application Thread] DEBUG GameApplicationServi - Removing overlay from FXGLLoadingScene and adding to GameScene
18:39:22.335 [JavaFX Application Thread] DEBUG PrimaryStageWindow   - FXGLLoadingScene -> GameScene
18:39:22.337 [JavaFX Application Thread] DEBUG FXGLAssetLoaderServi - Loading from file system: jar:file:/D:/college/I3/Java/Project/final%20project/FPv14/FP/out/artifacts/FP_jar/Fighty-C/FP.jar!/assets/textures/char1/right.gif
18:39:23.212 [JavaFX Application Thread] DEBUG FXGLAssetLoaderServi - Loading from file system: jar:file:/D:/college/I3/Java/Project/final%20project/FPv14/FP/out/artifacts/FP_jar/Fighty-C/FP.jar!/assets/textures/char1/punch1.gif
18:39:25.067 [JavaFX Application Thread] DEBUG FXGLAssetLoaderServi - Loading from file system: jar:file:/D:/college/I3/Java/Project/final%20project/FPv14/FP/out/artifacts/FP_jar/Fighty-C/FP.jar!/assets/textures/char1/kick1.gif
18:39:25.111 [JavaFX Application Thread] DEBUG FXGLAssetLoaderServi - Loading from file system: jar:file:/D:/college/I3/Java/Project/final%20project/FPv14/FP/out/artifacts/FP_jar/Fighty-C/FP.jar!/assets/sounds/hitsound2.wav
18:39:26.328 [JavaFX Application Thread] DEBUG FXGLAssetLoaderServi - Loading from file system: jar:file:/D:/college/I3/Java/Project/final%20project/FPv14/FP/out/artifacts/FP_jar/Fighty-C/FP.jar!/assets/textures/char1/kick2.gif
18:39:27.131 [JavaFX Application Thread] DEBUG FXGLAssetLoaderServi - Loading from file system: jar:file:/D:/college/I3/Java/Project/final%20project/FPv14/FP/out/artifacts/FP_jar/Fighty-C/FP.jar!/assets/textures/char1/punch2.gif
18:39:27.172 [JavaFX Application Thread] DEBUG FXGLAssetLoaderServi - Loading from file system: jar:file:/D:/college/I3/Java/Project/final%20project/FPv14/FP/out/artifacts/FP_jar/Fighty-C/FP.jar!/assets/sounds/hitsound.wav
18:39:28.412 [JavaFX Application Thread] WARN  Entity               - Entity already has component: com.example.fp.AttackComponent
18:39:28.660 [JavaFX Application Thread] WARN  Entity               - Entity already has component: com.example.fp.AttackComponent
18:39:28.810 [JavaFX Application Thread] DEBUG FXGLAssetLoaderServi - Loading from file system: jar:file:/D:/college/I3/Java/Project/final%20project/FPv14/FP/out/artifacts/FP_jar/Fighty-C/FP.jar!/assets/textures/char1/kick3.gif
18:39:28.853 [JavaFX Application Thread] DEBUG FXGLAssetLoaderServi - Loading from file system: jar:file:/D:/college/I3/Java/Project/final%20project/FPv14/FP/out/artifacts/FP_jar/Fighty-C/FP.jar!/assets/textures/char1/punch3.gif
18:39:29.673 [JavaFX Application Thread] DEBUG FXGLAssetLoaderServi - Loading from file system: jar:file:/D:/college/I3/Java/Project/final%20project/FPv14/FP/out/artifacts/FP_jar/Fighty-C/FP.jar!/assets/textures/char1/left.gif
18:39:29.767 [JavaFX Application Thread] WARN  Entity               - Entity already has component: com.example.fp.AttackComponent
18:39:30.537 [JavaFX Application Thread] DEBUG FXGLAssetLoaderServi - Loading from file system: jar:file:/D:/college/I3/Java/Project/final%20project/FPv14/FP/out/artifacts/FP_jar/Fighty-C/FP.jar!/assets/textures/char1/dash.png
18:39:30.937 [JavaFX Application Thread] DEBUG FXGLAssetLoaderServi - Loading from file system: jar:file:/D:/college/I3/Java/Project/final%20project/FPv14/FP/out/artifacts/FP_jar/Fighty-C/FP.jar!/assets/textures/char1/run.gif
18:39:31.603 [JavaFX Application Thread] DEBUG FXGLAssetLoaderServi - Loading from file system: jar:file:/D:/college/I3/Java/Project/final%20project/FPv14/FP/out/artifacts/FP_jar/Fighty-C/FP.jar!/assets/textures/char1/block.png
18:39:31.728 [JavaFX Application Thread] WARN  Entity               - Entity already has component: com.example.fp.AttackComponent
18:39:33.270 [JavaFX Application Thread] WARN  Entity               - Entity already has component: com.example.fp.AttackComponent
18:39:33.683 [JavaFX Application Thread] WARN  Entity               - Entity already has component: com.example.fp.AttackComponent
18:39:34.476 [JavaFX Application Thread] DEBUG FXGLAssetLoaderServi - Loading from file system: jar:file:/D:/college/I3/Java/Project/final%20project/FPv14/FP/out/artifacts/FP_jar/Fighty-C/FP.jar!/assets/music/KO.mp3
18:39:34.478 [JavaFX Application Thread] DEBUG AudioPlayer          - Playing music com.almasb.fxgl.audio.Music@78d03855
18:39:34.479 [JavaFX Application Thread] DEBUG FXGLAssetLoaderServi - Loading from file system: jar:file:/D:/college/I3/Java/Project/final%20project/FPv14/FP/out/artifacts/FP_jar/Fighty-C/FP.jar!/assets/textures/char1/dead.gif
18:39:34.482 [JavaFX Application Thread] DEBUG FXGLAssetLoaderServi - Loading from file system: jar:file:/D:/college/I3/Java/Project/final%20project/FPv14/FP/out/artifacts/FP_jar/Fighty-C/FP.jar!/assets/textures/char1/victory.gif
18:39:34.862 [JavaFX Application Thread] WARN  Entity               - Entity already has component: com.example.fp.AttackComponent
18:39:35.484 [JavaFX Application Thread] DEBUG FXGLAssetLoaderServi - Loading from file system: jar:file:/D:/college/I3/Java/Project/final%20project/FPv14/FP/out/artifacts/FP_jar/Fighty-C/FP.jar!/assets/textures/char1/dead2.gif
18:39:35.485 [JavaFX Application Thread] DEBUG FXGLAssetLoaderServi - Loading from file system: jar:file:/D:/college/I3/Java/Project/final%20project/FPv14/FP/out/artifacts/FP_jar/Fighty-C/FP.jar!/assets/textures/char1/victory2.gif
18:39:35.489 [JavaFX Application Thread] DEBUG PrimaryStageWindow   - Push state: DialogSubScene
18:39:35.489 [JavaFX Application Thread] DEBUG Input                - Clearing active input actions
18:39:35.492 [JavaFX Application Thread] DEBUG GameApplicationServi - Removing overlay from GameScene and adding to DialogSubScene
18:39:35.492 [JavaFX Application Thread] DEBUG PrimaryStageWindow   - GameScene -> DialogSubScene
18:39:36.543 [JavaFX Application Thread] DEBUG PrimaryStageWindow   - Pop state: DialogSubScene
18:39:36.544 [JavaFX Application Thread] DEBUG Input                - Clearing active input actions
18:39:36.544 [JavaFX Application Thread] DEBUG GameApplicationServi - Removing overlay from DialogSubScene and adding to GameScene
18:39:36.544 [JavaFX Application Thread] DEBUG PrimaryStageWindow   - GameScene <- DialogSubScene
18:39:36.544 [JavaFX Application Thread] DEBUG Input                - Clearing active input actions
18:39:36.551 [JavaFX Application Thread] DEBUG GameApplicationServi - Removing overlay from GameScene and adding to FXGLMainMenuDummyScene
18:39:36.552 [JavaFX Application Thread] DEBUG PrimaryStageWindow   - GameScene -> FXGLMainMenuDummyScene
18:39:36.552 [JavaFX Application Thread] DEBUG PrimaryStageWindow   - Push state: FightMenu
18:39:36.552 [JavaFX Application Thread] DEBUG Input                - Clearing active input actions
18:39:36.553 [JavaFX Application Thread] DEBUG GameApplicationServi - Removing overlay from FXGLMainMenuDummyScene and adding to FightMenu
18:39:36.553 [JavaFX Application Thread] DEBUG PrimaryStageWindow   - FXGLMainMenuDummyScene -> FightMenu
18:39:36.553 [JavaFX Application Thread] DEBUG AudioPlayer          - Stopping music com.almasb.fxgl.audio.Music@61934e6
18:39:36.554 [JavaFX Application Thread] DEBUG AudioPlayer          - Stopping music com.almasb.fxgl.audio.Music@c0b2fc8
18:39:36.554 [JavaFX Application Thread] DEBUG AudioPlayer          - Stopping music com.almasb.fxgl.audio.Music@78d03855
18:39:36.554 [JavaFX Application Thread] DEBUG AudioPlayer          - Playing music com.almasb.fxgl.audio.Music@61934e6
18:39:41.472 [JavaFX Application Thread] DEBUG AudioPlayer          - Stopping music com.almasb.fxgl.audio.Music@61934e6
18:39:41.473 [JavaFX Application Thread] DEBUG AudioPlayer          - Stopping music com.almasb.fxgl.audio.Music@c0b2fc8
18:39:41.473 [JavaFX Application Thread] DEBUG AudioPlayer          - Stopping music com.almasb.fxgl.audio.Music@78d03855
18:39:41.473 [JavaFX Application Thread] DEBUG AudioPlayer          - Playing music com.almasb.fxgl.audio.Music@c0b2fc8
18:39:41.488 [JavaFX Application Thread] DEBUG Menu                 - fireNewGame()
18:39:41.488 [JavaFX Application Thread] DEBUG GameApplicationServi - Starting new game
18:39:41.488 [JavaFX Application Thread] DEBUG PrimaryStageWindow   - Pop state: FightMenu
18:39:41.488 [JavaFX Application Thread] DEBUG Input                - Clearing active input actions
18:39:41.488 [JavaFX Application Thread] DEBUG GameApplicationServi - Removing overlay from FightMenu and adding to FXGLMainMenuDummyScene
18:39:41.488 [JavaFX Application Thread] DEBUG PrimaryStageWindow   - FXGLMainMenuDummyScene <- FightMenu
18:39:41.488 [JavaFX Application Thread] DEBUG Input                - Clearing active input actions
18:39:41.496 [JavaFX Application Thread] DEBUG GameApplicationServi - Removing overlay from FXGLMainMenuDummyScene and adding to FXGLLoadingScene
18:39:41.497 [JavaFX Application Thread] DEBUG PrimaryStageWindow   - FXGLMainMenuDummyScene -> FXGLLoadingScene
18:39:41.497 [JavaFX Application Thread] DEBUG GameApplicationServi - Clearing previous game
18:39:41.497 [JavaFX Application Thread] DEBUG GameScene            - Clearing game scene
18:39:41.497 [JavaFX Application Thread] DEBUG GameWorld            - Clearing game world
18:39:41.497 [JavaFX Application Thread] DEBUG PhysicsWorld         - Clearing physics world
18:39:41.499 [FXGL Background Thread 2 ] DEBUG FXGLApplication      - Initializing game
18:39:41.499 [FXGL Background Thread 2 ] DEBUG FXGLAssetLoaderServi - Loading from file system: jar:file:/D:/college/I3/Java/Project/final%20project/FPv14/FP/out/artifacts/FP_jar/Fighty-C/FP.jar!/assets/textures/background/map4.jpg
18:39:41.506 [FXGL Background Thread 2 ] DEBUG FXGLAssetLoaderServi - Loading from file system: jar:file:/D:/college/I3/Java/Project/final%20project/FPv14/FP/out/artifacts/FP_jar/Fighty-C/FP.jar!/assets/textures/char2/idle.gif
18:39:41.509 [FXGL Background Thread 2 ] WARN  FXGLAssetLoaderServi - Asset "/assets/textures/boss/idle1.png" was not found!
18:39:41.509 [FXGL Background Thread 2 ] WARN  FXGLAssetLoaderServi - Failed to load RESIZABLE_IMAGE
18:39:41.559 [FXGL Background Thread 2 ] WARN  FXGLAssetLoaderServi - Asset "/assets/textures/boss/idle.gif" was not found!
18:39:41.559 [FXGL Background Thread 2 ] WARN  FXGLAssetLoaderServi - Failed to load IMAGE
18:39:41.561 [FXGL Background Thread 2 ] WARN  FXGLAssetLoaderServi - Asset "/assets/textures/boss/idle.gif" was not found!
18:39:41.561 [FXGL Background Thread 2 ] WARN  FXGLAssetLoaderServi - Failed to load IMAGE
18:39:41.562 [FXGL Background Thread 2 ] DEBUG FXGLAssetLoaderServi - Loading from file system: jar:file:/D:/college/I3/Java/Project/final%20project/FPv14/FP/out/artifacts/FP_jar/Fighty-C/FP.jar!/assets/textures/boss/idle.png
18:39:41.565 [FXGL Background Thread 2 ] INFO  FXGLApplication      - Game initialization took: 0.067 sec
18:39:41.568 [JavaFX Application Thread] DEBUG Input                - Clearing active input actions
18:39:41.571 [JavaFX Application Thread] DEBUG GameApplicationServi - Removing overlay from FXGLLoadingScene and adding to GameScene
18:39:41.572 [JavaFX Application Thread] DEBUG PrimaryStageWindow   - FXGLLoadingScene -> GameScene
18:39:43.132 [JavaFX Application Thread] DEBUG FXGLAssetLoaderServi - Loading from file system: jar:file:/D:/college/I3/Java/Project/final%20project/FPv14/FP/out/artifacts/FP_jar/Fighty-C/FP.jar!/assets/sounds/flame.wav
18:39:43.176 [JavaFX Application Thread] DEBUG FXGLAssetLoaderServi - Loading from file system: jar:file:/D:/college/I3/Java/Project/final%20project/FPv14/FP/out/artifacts/FP_jar/Fighty-C/FP.jar!/assets/textures/boss/flame.gif
18:39:46.841 [JavaFX Application Thread] DEBUG FXGLAssetLoaderServi - Loading from file system: jar:file:/D:/college/I3/Java/Project/final%20project/FPv14/FP/out/artifacts/FP_jar/Fighty-C/FP.jar!/assets/textures/char2/left.gif
18:39:47.445 [JavaFX Application Thread] DEBUG FXGLAssetLoaderServi - Loading from file system: jar:file:/D:/college/I3/Java/Project/final%20project/FPv14/FP/out/artifacts/FP_jar/Fighty-C/FP.jar!/assets/textures/char2/dash.png
18:39:48.645 [JavaFX Application Thread] DEBUG FXGLAssetLoaderServi - Loading from file system: jar:file:/D:/college/I3/Java/Project/final%20project/FPv14/FP/out/artifacts/FP_jar/Fighty-C/FP.jar!/assets/sounds/hadouken.wav
18:39:48.648 [JavaFX Application Thread] DEBUG FXGLAssetLoaderServi - Loading from file system: jar:file:/D:/college/I3/Java/Project/final%20project/FPv14/FP/out/artifacts/FP_jar/Fighty-C/FP.jar!/assets/textures/boss/hadouken.png
18:39:49.958 [JavaFX Application Thread] DEBUG FXGLAssetLoaderServi - Loading from file system: jar:file:/D:/college/I3/Java/Project/final%20project/FPv14/FP/out/artifacts/FP_jar/Fighty-C/FP.jar!/assets/textures/char2/right.gif
18:39:52.464 [JavaFX Application Thread] DEBUG FXGLAssetLoaderServi - Loading from file system: jar:file:/D:/college/I3/Java/Project/final%20project/FPv14/FP/out/artifacts/FP_jar/Fighty-C/FP.jar!/assets/textures/char2/punch1.gif
18:39:54.013 [JavaFX Application Thread] DEBUG FXGLAssetLoaderServi - Loading from file system: jar:file:/D:/college/I3/Java/Project/final%20project/FPv14/FP/out/artifacts/FP_jar/Fighty-C/FP.jar!/assets/textures/char2/kick2.gif
18:39:54.250 [JavaFX Application Thread] DEBUG FXGLAssetLoaderServi - Loading from file system: jar:file:/D:/college/I3/Java/Project/final%20project/FPv14/FP/out/artifacts/FP_jar/Fighty-C/FP.jar!/assets/textures/char2/kick1.gif
18:39:54.290 [JavaFX Application Thread] WARN  Entity               - Entity already has component: com.example.fp.AttackComponent
18:39:54.595 [JavaFX Application Thread] WARN  Entity               - Entity already has component: com.example.fp.AttackComponent
18:39:55.293 [JavaFX Application Thread] DEBUG FXGLAssetLoaderServi - Loading from file system: jar:file:/D:/college/I3/Java/Project/final%20project/FPv14/FP/out/artifacts/FP_jar/Fighty-C/FP.jar!/assets/textures/char2/punch2.gif
18:39:55.295 [JavaFX Application Thread] WARN  Entity               - Entity already has component: com.example.fp.AttackComponent
18:40:00.864 [JavaFX Application Thread] WARN  Entity               - Entity already has component: com.example.fp.AttackComponent
18:40:01.296 [JavaFX Application Thread] DEBUG FXGLAssetLoaderServi - Loading from file system: jar:file:/D:/college/I3/Java/Project/final%20project/FPv14/FP/out/artifacts/FP_jar/Fighty-C/FP.jar!/assets/textures/char2/kick3.gif
18:40:01.299 [JavaFX Application Thread] DEBUG AudioPlayer          - Playing music com.almasb.fxgl.audio.Music@78d03855
18:40:01.299 [JavaFX Application Thread] DEBUG FXGLAssetLoaderServi - Loading from file system: jar:file:/D:/college/I3/Java/Project/final%20project/FPv14/FP/out/artifacts/FP_jar/Fighty-C/FP.jar!/assets/textures/boss/dead.gif
18:40:01.302 [JavaFX Application Thread] DEBUG FXGLAssetLoaderServi - Loading from file system: jar:file:/D:/college/I3/Java/Project/final%20project/FPv14/FP/out/artifacts/FP_jar/Fighty-C/FP.jar!/assets/textures/char2/victory.gif
18:40:02.316 [JavaFX Application Thread] DEBUG FXGLAssetLoaderServi - Loading from file system: jar:file:/D:/college/I3/Java/Project/final%20project/FPv14/FP/out/artifacts/FP_jar/Fighty-C/FP.jar!/assets/textures/boss/dead2.gif
18:40:02.317 [JavaFX Application Thread] DEBUG FXGLAssetLoaderServi - Loading from file system: jar:file:/D:/college/I3/Java/Project/final%20project/FPv14/FP/out/artifacts/FP_jar/Fighty-C/FP.jar!/assets/textures/char2/victory2.gif
18:40:02.359 [JavaFX Application Thread] DEBUG PrimaryStageWindow   - Push state: DialogSubScene
18:40:02.360 [JavaFX Application Thread] DEBUG Input                - Clearing active input actions
18:40:02.361 [JavaFX Application Thread] DEBUG GameApplicationServi - Removing overlay from GameScene and adding to DialogSubScene
18:40:02.361 [JavaFX Application Thread] DEBUG PrimaryStageWindow   - GameScene -> DialogSubScene
18:40:04.168 [JavaFX Application Thread] DEBUG PrimaryStageWindow   - Pop state: DialogSubScene
18:40:04.169 [JavaFX Application Thread] DEBUG Input                - Clearing active input actions
18:40:04.169 [JavaFX Application Thread] DEBUG GameApplicationServi - Removing overlay from DialogSubScene and adding to GameScene
18:40:04.169 [JavaFX Application Thread] DEBUG PrimaryStageWindow   - GameScene <- DialogSubScene
18:40:04.169 [JavaFX Application Thread] DEBUG Input                - Clearing active input actions
18:40:04.172 [JavaFX Application Thread] DEBUG GameApplicationServi - Removing overlay from GameScene and adding to FXGLMainMenuDummyScene
18:40:04.172 [JavaFX Application Thread] DEBUG PrimaryStageWindow   - GameScene -> FXGLMainMenuDummyScene
18:40:04.172 [JavaFX Application Thread] DEBUG PrimaryStageWindow   - Push state: FightMenu
18:40:04.172 [JavaFX Application Thread] DEBUG Input                - Clearing active input actions
18:40:04.172 [JavaFX Application Thread] DEBUG GameApplicationServi - Removing overlay from FXGLMainMenuDummyScene and adding to FightMenu
18:40:04.172 [JavaFX Application Thread] DEBUG PrimaryStageWindow   - FXGLMainMenuDummyScene -> FightMenu
18:40:04.172 [JavaFX Application Thread] DEBUG AudioPlayer          - Stopping music com.almasb.fxgl.audio.Music@61934e6
18:40:04.173 [JavaFX Application Thread] DEBUG AudioPlayer          - Stopping music com.almasb.fxgl.audio.Music@c0b2fc8
18:40:04.173 [JavaFX Application Thread] DEBUG AudioPlayer          - Stopping music com.almasb.fxgl.audio.Music@78d03855
18:40:04.174 [JavaFX Application Thread] DEBUG AudioPlayer          - Playing music com.almasb.fxgl.audio.Music@61934e6
18:40:06.208 [JavaFX Application Thread] DEBUG FXGLApplication      - Exiting FXGL
18:40:06.209 [JavaFX Application Thread] DEBUG LoopRunner           - Stopping loop
18:40:06.209 [JavaFX Application Thread] DEBUG SystemBundleService  - Saving FXGL system data
18:40:06.251 [JavaFX Application Thread] DEBUG FileSystemAccess     - Writing to: D:\college\I3\Java\Project\final project\FPv14\FP\out\artifacts\FP_jar\Fighty-C\system\fxgl.bundle
18:40:06.254 [JavaFX Application Thread] DEBUG Async                - Shutting down background threads
18:40:06.254 [JavaFX Application Thread] DEBUG PrimaryStageWindow   - Closing main window
18:40:06.267 [JavaFX Application Thread] DEBUG Logger               - Closing Logger
